Log file open, 03/24/23 23:17:15
LogWindows: Failed to load 'aqProf.dll' (GetLastError=126)
LogWindows: File 'aqProf.dll' does not exist
LogWindows: Failed to load 'VtuneApi.dll' (GetLastError=126)
LogWindows: File 'VtuneApi.dll' does not exist
LogWindows: Failed to load 'VtuneApi32e.dll' (GetLastError=126)
LogWindows: File 'VtuneApi32e.dll' does not exist
LogConsoleResponse: Display: Failed to find resolution value strings in scalability ini. Falling back to default.
LogConsoleResponse: Display: Failed to find resolution value strings in scalability ini. Falling back to default.
LogInit: Display: Running engine for game: GraveTalesoftheUrsus
LogPlatformFile: Not using cached read wrapper
LogTaskGraph: Started task graph with 5 named threads and 47 total threads with 3 sets of task threads.
LogStats: Stats thread started at 0.280229
LogICUInternationalization: ICU TimeZone Detection - Raw Offset: -7:00, Platform Override: ''
LogInit: Display: Loading text-based GConfig....
LogPluginManager: Mounting plugin MeshPainting
LogPluginManager: Mounting plugin XGEController
LogPluginManager: Mounting plugin Paper2D
LogPluginManager: Mounting plugin EnvironmentQueryEditor
LogPluginManager: Mounting plugin AISupport
LogPluginManager: Mounting plugin LiveLink
LogPluginManager: Mounting plugin LightPropagationVolume
LogPluginManager: Mounting plugin GameplayCameras
LogPluginManager: Mounting plugin CameraShakePreviewer
LogPluginManager: Mounting plugin OodleData
LogPluginManager: Mounting plugin OodleNetwork
LogPluginManager: Mounting plugin DatasmithContent
LogPluginManager: Mounting plugin VariantManagerContent
LogPluginManager: Mounting plugin CryptoKeys
LogPluginManager: Mounting plugin DataValidation
LogPluginManager: Mounting plugin AssetManagerEditor
LogPluginManager: Mounting plugin GeometryMode
LogPluginManager: Mounting plugin MaterialAnalyzer
LogPluginManager: Mounting plugin MacGraphicsSwitching
LogPluginManager: Mounting plugin GameplayTagsEditor
LogPluginManager: Mounting plugin PluginBrowser
LogPluginManager: Mounting plugin SpeedTreeImporter
LogPluginManager: Mounting plugin MobileLauncherProfileWizard
LogPluginManager: Mounting plugin AnimationSharing
LogPluginManager: Mounting plugin AutomationUtils
LogPluginManager: Mounting plugin AlembicImporter
LogPluginManager: Mounting plugin BackChannel
LogPluginManager: Mounting plugin CurveEditorTools
LogPluginManager: Mounting plugin ChaosClothEditor
LogPluginManager: Mounting plugin ChaosCloth
LogPluginManager: Mounting plugin FacialAnimation
LogPluginManager: Mounting plugin ChaosNiagara
LogPluginManager: Mounting plugin ChaosSolverPlugin
LogPluginManager: Mounting plugin ChaosEditor
LogPluginManager: Mounting plugin CharacterAI
LogPluginManager: Mounting plugin Niagara
LogPluginManager: Mounting plugin CodeLiteSourceCodeAccess
LogPluginManager: Mounting plugin GitSourceControl
LogPluginManager: Mounting plugin KDevelopSourceCodeAccess
LogPluginManager: Mounting plugin NullSourceCodeAccess
LogPluginManager: Mounting plugin PerforceSourceControl
LogPluginManager: Mounting plugin CLionSourceCodeAccess
LogPluginManager: Mounting plugin PixWinPlugin
LogPluginManager: Mounting plugin PluginUtils
LogPluginManager: Mounting plugin PlasticSourceControl
LogPluginManager: Mounting plugin PropertyAccessNode
LogPluginManager: Mounting plugin SubversionSourceControl
LogPluginManager: Mounting plugin TextureFormatOodle
LogPluginManager: Mounting plugin UObjectPlugin
LogPluginManager: Mounting plugin VisualStudioSourceCodeAccess
LogPluginManager: Mounting plugin RiderSourceCodeAccess
LogPluginManager: Mounting plugin XCodeSourceCodeAccess
LogPluginManager: Mounting plugin VisualStudioCodeSourceCodeAccess
LogPluginManager: Mounting plugin GeometryProcessing
LogPluginManager: Mounting plugin GeometryCollectionPlugin
LogPluginManager: Mounting plugin GeometryCache
LogPluginManager: Mounting plugin MotoSynth
LogPluginManager: Mounting plugin OpenImageDenoise
LogPluginManager: Mounting plugin PlanarCut
LogPluginManager: Mounting plugin PlatformCrypto
LogPluginManager: Mounting plugin ProxyLODPlugin
LogPluginManager: Mounting plugin PythonScriptPlugin
LogPluginManager: Mounting plugin SkeletalReduction
LogPluginManager: Mounting plugin MagicLeap
LogPluginManager: Mounting plugin LuminPlatformFeatures
LogPluginManager: Mounting plugin MagicLeapLightEstimation
LogPluginManager: Mounting plugin MagicLeapMedia
LogPluginManager: Mounting plugin MagicLeapPassableWorld
LogPluginManager: Mounting plugin MLSDK
LogPluginManager: Mounting plugin TcpMessaging
LogPluginManager: Mounting plugin UdpMessaging
LogPluginManager: Mounting plugin AndroidMedia
LogPluginManager: Mounting plugin AvfMedia
LogPluginManager: Mounting plugin ImgMedia
LogPluginManager: Mounting plugin MediaCompositing
LogPluginManager: Mounting plugin MediaPlayerEditor
LogPluginManager: Mounting plugin WebMMedia
LogPluginManager: Mounting plugin WmfMedia
LogPluginManager: Mounting plugin ActorSequence
LogPluginManager: Mounting plugin LevelSequenceEditor
LogPluginManager: Mounting plugin MatineeToLevelSequence
LogPluginManager: Mounting plugin TemplateSequence
LogPluginManager: Mounting plugin OnlineSubsystem
LogPluginManager: Mounting plugin OnlineSubsystemNull
LogPluginManager: Mounting plugin OnlineSubsystemUtils
LogPluginManager: Mounting plugin LauncherChunkInstaller
LogPluginManager: Mounting plugin Takes
LogPluginManager: Mounting plugin ActorLayerUtilities
LogPluginManager: Mounting plugin AndroidDeviceProfileSelector
LogPluginManager: Mounting plugin AndroidPermission
LogPluginManager: Mounting plugin AppleImageUtils
LogPluginManager: Mounting plugin AppleMoviePlayer
LogPluginManager: Mounting plugin ArchVisCharacter
LogPluginManager: Mounting plugin AudioSynesthesia
LogPluginManager: Mounting plugin AndroidMoviePlayer
LogPluginManager: Mounting plugin AudioCapture
LogPluginManager: Mounting plugin AssetTags
LogPluginManager: Mounting plugin CableComponent
LogPluginManager: Mounting plugin ChunkDownloader
LogPluginManager: Mounting plugin ExampleDeviceProfileSelector
LogPluginManager: Mounting plugin EditableMesh
LogPluginManager: Mounting plugin CustomMeshComponent
LogPluginManager: Mounting plugin GooglePAD
LogPluginManager: Mounting plugin ScreenshotTools
LogPluginManager: Mounting plugin GoogleCloudMessaging
LogPluginManager: Mounting plugin LocationServicesBPLibrary
LogPluginManager: Mounting plugin IOSDeviceProfileSelector
LogPluginManager: Mounting plugin LinuxDeviceProfileSelector
LogPluginManager: Mounting plugin MobilePatchingUtils
LogPluginManager: Mounting plugin OpenXRHandTracking
LogPluginManager: Mounting plugin OpenXREyeTracker
LogPluginManager: Mounting plugin PostSplashScreen
LogPluginManager: Mounting plugin OpenXR
LogPluginManager: Mounting plugin PhysXVehicles
LogPluginManager: Mounting plugin ProceduralMeshComponent
LogPluginManager: Mounting plugin PropertyAccessEditor
LogPluginManager: Mounting plugin RuntimePhysXCooking
LogPluginManager: Mounting plugin SoundFields
LogPluginManager: Mounting plugin SignificanceManager
LogPluginManager: Mounting plugin Synthesis
LogPluginManager: Mounting plugin WebMMoviePlayer
LogPluginManager: Mounting plugin WindowsMoviePlayer
LogPluginManager: Mounting plugin ContentBrowserAssetDataSource
LogPluginManager: Mounting plugin ContentBrowserFileDataSource
LogPluginManager: Mounting plugin ContentBrowserClassDataSource
LogPluginManager: Mounting plugin OnlineSubsystemIOS
LogPluginManager: Mounting plugin OnlineSubsystemGooglePlay
LogPluginManager: Mounting plugin OculusVR
LogPluginManager: Mounting plugin SteamVR
PixWinPlugin: PIX capture plugin failed to initialize! Check that the process is launched from PIX.
LogInit: Using libcurl 7.55.1-DEV
LogInit:  - built for x86_64-pc-win32
LogInit:  - supports SSL with OpenSSL/1.1.1
LogInit:  - supports HTTP deflate (compression) using libz 1.2.8
LogInit:  - other features:
LogInit:      CURL_VERSION_SSL
LogInit:      CURL_VERSION_LIBZ
LogInit:      CURL_VERSION_IPV6
LogInit:      CURL_VERSION_ASYNCHDNS
LogInit:      CURL_VERSION_LARGEFILE
LogInit:      CURL_VERSION_IDN
LogInit:  CurlRequestOptions (configurable via config and command line):
LogInit:  - bVerifyPeer = true  - Libcurl will verify peer certificate
LogInit:  - bUseHttpProxy = false  - Libcurl will NOT use HTTP proxy
LogInit:  - bDontReuseConnections = false  - Libcurl will reuse connections
LogInit:  - MaxHostConnections = 16  - Libcurl will limit the number of connections to a host
LogInit:  - LocalHostAddr = Default
LogInit:  - BufferSize = 65536
LogOnline: OSS: Creating online subsystem instance for: NULL
LogInit: WinSock: version 1.1 (2.2), MaxSocks=32767, MaxUdp=65467
LogOnline: OSS: TryLoadSubsystemAndSetDefault: Loaded subsystem for module [NULL]
LogOculusPluginWrapper: OculusPlugin initialized successfully
LogHMD: Failed initializing OVRPlugin 1.59.0
LogInit: Build: ++UE4+Release-4.27-CL-18319896
LogInit: Engine Version: 4.27.2-18319896+++UE4+Release-4.27
LogInit: Compatible Engine Version: 4.27.0-17155196+++UE4+Release-4.27
LogInit: Net CL: 17155196
LogInit: OS: Windows 10 (Release 2009) (), CPU: 12th Gen Intel(R) Core(TM) i5-1240P, GPU: Intel(R) Iris(R) Xe Graphics
LogInit: Compiled (64-bit): Nov 30 2021 07:12:08
LogInit: Compiled with Visual C++: 19.24.28315.00
LogInit: Build Configuration: Development
LogInit: Branch Name: ++UE4+Release-4.27
LogInit: Command Line:  -EpicPortal -epicusername=Kurozinx -epicuserid=918e9192647f4eaa8f68239633f5e142 -epiclocale=en -epicsandboxid=ue
LogInit: Base Directory: C:/Program Files/Epic Games/UE_4.27/Engine/Binaries/Win64/
LogInit: Allocator: TBB
LogInit: Installed Engine Build: 1
LogDevObjectVersion: Number of dev versions registered: 29
LogDevObjectVersion:   Dev-Blueprints (B0D832E4-1F89-4F0D-ACCF-7EB736FD4AA2): 10
LogDevObjectVersion:   Dev-Build (E1C64328-A22C-4D53-A36C-8E866417BD8C): 0
LogDevObjectVersion:   Dev-Core (375EC13C-06E4-48FB-B500-84F0262A717E): 4
LogDevObjectVersion:   Dev-Editor (E4B068ED-F494-42E9-A231-DA0B2E46BB41): 40
LogDevObjectVersion:   Dev-Framework (CFFC743F-43B0-4480-9391-14DF171D2073): 37
LogDevObjectVersion:   Dev-Mobile (B02B49B5-BB20-44E9-A304-32B752E40360): 3
LogDevObjectVersion:   Dev-Networking (A4E4105C-59A1-49B5-A7C5-40C4547EDFEE): 0
LogDevObjectVersion:   Dev-Online (39C831C9-5AE6-47DC-9A44-9C173E1C8E7C): 0
LogDevObjectVersion:   Dev-Physics (78F01B33-EBEA-4F98-B9B4-84EACCB95AA2): 14
LogDevObjectVersion:   Dev-Platform (6631380F-2D4D-43E0-8009-CF276956A95A): 0
LogDevObjectVersion:   Dev-Rendering (12F88B9F-8875-4AFC-A67C-D90C383ABD29): 45
LogDevObjectVersion:   Dev-Sequencer (7B5AE74C-D270-4C10-A958-57980B212A5A): 13
LogDevObjectVersion:   Dev-VR (D7296918-1DD6-4BDD-9DE2-64A83CC13884): 3
LogDevObjectVersion:   Dev-LoadTimes (C2A15278-BFE7-4AFE-6C17-90FF531DF755): 1
LogDevObjectVersion:   Private-Geometry (6EACA3D4-40EC-4CC1-B786-8BED09428FC5): 3
LogDevObjectVersion:   Dev-AnimPhys (29E575DD-E0A3-4627-9D10-D276232CDCEA): 17
LogDevObjectVersion:   Dev-Anim (AF43A65D-7FD3-4947-9873-3E8ED9C1BB05): 15
LogDevObjectVersion:   Dev-ReflectionCapture (6B266CEC-1EC7-4B8F-A30B-E4D90942FC07): 1
LogDevObjectVersion:   Dev-Automation (0DF73D61-A23F-47EA-B727-89E90C41499A): 1
LogDevObjectVersion:   FortniteMain (601D1886-AC64-4F84-AA16-D3DE0DEAC7D6): 47
LogDevObjectVersion:   FortniteRelease (E7086368-6B23-4C58-8439-1B7016265E91): 1
LogDevObjectVersion:   Dev-Enterprise (9DFFBCD6-494F-0158-E221-12823C92A888): 10
LogDevObjectVersion:   Dev-Niagara (F2AED0AC-9AFE-416F-8664-AA7FFA26D6FC): 1
LogDevObjectVersion:   Dev-Destruction (174F1F0B-B4C6-45A5-B13F-2EE8D0FB917D): 10
LogDevObjectVersion:   Dev-Physics-Ext (35F94A83-E258-406C-A318-09F59610247C): 41
LogDevObjectVersion:   Dev-PhysicsMaterial-Chaos (B68FC16E-8B1B-42E2-B453-215C058844FE): 1
LogDevObjectVersion:   Dev-CineCamera (B2E18506-4273-CFC2-A54E-F4BB758BBA07): 1
LogDevObjectVersion:   Dev-VirtualProduction (64F58936-FD1B-42BA-BA96-7289D5D0FA4E): 1
LogDevObjectVersion:   Dev-MediaFramework (6F0ED827-A609-4895-9C91-998D90180EA4): 2
LogInit: Presizing for max 25165824 objects, including 0 objects not considered by GC, pre-allocating 0 bytes for permanent pool.
LogConfig: Applying CVar settings from Section [/Script/Engine.StreamingSettings] File [C:/Users/Kewan/Github/GraveTalesoftheUrsus/GraveTalesoftheUrsus/Saved/Config/Windows/Engine.ini]
LogConfig: Setting CVar [[s.MinBulkDataSizeForAsyncLoading:131072]]
LogConfig: Setting CVar [[s.AsyncLoadingThreadEnabled:0]]
LogConfig: Setting CVar [[s.EventDrivenLoaderEnabled:1]]
LogConfig: Setting CVar [[s.WarnIfTimeLimitExceeded:0]]
LogConfig: Setting CVar [[s.TimeLimitExceededMultiplier:1.5]]
LogConfig: Setting CVar [[s.TimeLimitExceededMinTime:0.005]]
LogConfig: Setting CVar [[s.UseBackgroundLevelStreaming:1]]
LogConfig: Setting CVar [[s.PriorityAsyncLoadingExtraTime:15.0]]
LogConfig: Setting CVar [[s.LevelStreamingActorsUpdateTimeLimit:5.0]]
LogConfig: Setting CVar [[s.PriorityLevelStreamingActorsUpdateExtraTime:5.0]]
LogConfig: Setting CVar [[s.LevelStreamingComponentsRegistrationGranularity:10]]
LogConfig: Setting CVar [[s.UnregisterComponentsTimeLimit:1.0]]
LogConfig: Setting CVar [[s.LevelStreamingComponentsUnregistrationGranularity:5]]
LogConfig: Setting CVar [[s.FlushStreamingOnExit:1]]
LogInit: Object subsystem initialized
LogConfig: Setting CVar [[con.DebugEarlyDefault:1]]
LogConfig: Setting CVar [[r.setres:1280x720]]
[2023.03.25-05.17.16:402][  0]LogConfig: Setting CVar [[r.VSync:0]]
[2023.03.25-05.17.16:402][  0]LogConfig: Setting CVar [[r.RHICmdBypass:0]]
[2023.03.25-05.17.16:402][  0]LogConfig: Applying CVar settings from Section [/Script/Engine.RendererSettings] File [C:/Users/Kewan/Github/GraveTalesoftheUrsus/GraveTalesoftheUrsus/Saved/Config/Windows/Engine.ini]
[2023.03.25-05.17.16:402][  0]LogConfig: Setting CVar [[r.GPUCrashDebugging:0]]
[2023.03.25-05.17.16:402][  0]LogConfig: Applying CVar settings from Section [/Script/Engine.RendererOverrideSettings] File [C:/Users/Kewan/Github/GraveTalesoftheUrsus/GraveTalesoftheUrsus/Saved/Config/Windows/Engine.ini]
[2023.03.25-05.17.16:402][  0]LogConfig: Applying CVar settings from Section [/Script/Engine.StreamingSettings] File [C:/Users/Kewan/Github/GraveTalesoftheUrsus/GraveTalesoftheUrsus/Saved/Config/Windows/Engine.ini]
[2023.03.25-05.17.16:402][  0]LogConfig: Setting CVar [[s.MinBulkDataSizeForAsyncLoading:131072]]
[2023.03.25-05.17.16:402][  0]LogConfig: Setting CVar [[s.AsyncLoadingThreadEnabled:0]]
[2023.03.25-05.17.16:402][  0]LogConfig: Setting CVar [[s.EventDrivenLoaderEnabled:1]]
[2023.03.25-05.17.16:402][  0]LogConfig: Setting CVar [[s.WarnIfTimeLimitExceeded:0]]
[2023.03.25-05.17.16:402][  0]LogConfig: Setting CVar [[s.TimeLimitExceededMultiplier:1.5]]
[2023.03.25-05.17.16:402][  0]LogConfig: Setting CVar [[s.TimeLimitExceededMinTime:0.005]]
[2023.03.25-05.17.16:402][  0]LogConfig: Setting CVar [[s.UseBackgroundLevelStreaming:1]]
[2023.03.25-05.17.16:402][  0]LogConfig: Setting CVar [[s.PriorityAsyncLoadingExtraTime:15.0]]
[2023.03.25-05.17.16:402][  0]LogConfig: Setting CVar [[s.LevelStreamingActorsUpdateTimeLimit:5.0]]
[2023.03.25-05.17.16:402][  0]LogConfig: Setting CVar [[s.PriorityLevelStreamingActorsUpdateExtraTime:5.0]]
[2023.03.25-05.17.16:402][  0]LogConfig: Setting CVar [[s.LevelStreamingComponentsRegistrationGranularity:10]]
[2023.03.25-05.17.16:402][  0]LogConfig: Setting CVar [[s.UnregisterComponentsTimeLimit:1.0]]
[2023.03.25-05.17.16:402][  0]LogConfig: Setting CVar [[s.LevelStreamingComponentsUnregistrationGranularity:5]]
[2023.03.25-05.17.16:403][  0]LogConfig: Setting CVar [[s.FlushStreamingOnExit:1]]
[2023.03.25-05.17.16:403][  0]LogConfig: Applying CVar settings from Section [/Script/Engine.GarbageCollectionSettings] File [C:/Users/Kewan/Github/GraveTalesoftheUrsus/GraveTalesoftheUrsus/Saved/Config/Windows/Engine.ini]
[2023.03.25-05.17.16:403][  0]LogConfig: Setting CVar [[gc.MaxObjectsNotConsideredByGC:1]]
[2023.03.25-05.17.16:403][  0]LogConfig: Setting CVar [[gc.SizeOfPermanentObjectPool:0]]
[2023.03.25-05.17.16:403][  0]LogConfig: Setting CVar [[gc.FlushStreamingOnGC:0]]
[2023.03.25-05.17.16:403][  0]LogConfig: Setting CVar [[gc.NumRetriesBeforeForcingGC:10]]
[2023.03.25-05.17.16:403][  0]LogConfig: Setting CVar [[gc.AllowParallelGC:1]]
[2023.03.25-05.17.16:403][  0]LogConfig: Setting CVar [[gc.TimeBetweenPurgingPendingKillObjects:61.1]]
[2023.03.25-05.17.16:403][  0]LogConfig: Setting CVar [[gc.MaxObjectsInEditor:25165824]]
[2023.03.25-05.17.16:403][  0]LogConfig: Setting CVar [[gc.IncrementalBeginDestroyEnabled:1]]
[2023.03.25-05.17.16:403][  0]LogConfig: Setting CVar [[gc.CreateGCClusters:1]]
[2023.03.25-05.17.16:403][  0]LogConfig: Setting CVar [[gc.MinGCClusterSize:5]]
[2023.03.25-05.17.16:403][  0]LogConfig: Setting CVar [[gc.ActorClusteringEnabled:0]]
[2023.03.25-05.17.16:403][  0]LogConfig: Setting CVar [[gc.BlueprintClusteringEnabled:0]]
[2023.03.25-05.17.16:403][  0]LogConfig: Setting CVar [[gc.UseDisregardForGCOnDedicatedServers:0]]
[2023.03.25-05.17.16:403][  0]LogConfig: Setting CVar [[gc.MultithreadedDestructionEnabled:1]]
[2023.03.25-05.17.16:403][  0]LogConfig: Applying CVar settings from Section [/Script/Engine.NetworkSettings] File [C:/Users/Kewan/Github/GraveTalesoftheUrsus/GraveTalesoftheUrsus/Saved/Config/Windows/Engine.ini]
[2023.03.25-05.17.16:403][  0]LogConfig: Applying CVar settings from Section [/Script/UnrealEd.CookerSettings] File [C:/Users/Kewan/Github/GraveTalesoftheUrsus/GraveTalesoftheUrsus/Saved/Config/Windows/Engine.ini]
[2023.03.25-05.17.16:411][  0]LogConfig: Applying CVar settings from Section [ViewDistanceQuality@3] File [C:/Users/Kewan/Github/GraveTalesoftheUrsus/GraveTalesoftheUrsus/Saved/Config/Windows/Scalability.ini]
[2023.03.25-05.17.16:411][  0]LogConfig: Setting CVar [[r.SkeletalMeshLODBias:0]]
[2023.03.25-05.17.16:411][  0]LogConfig: Setting CVar [[r.ViewDistanceScale:1.0]]
[2023.03.25-05.17.16:411][  0]LogConfig: Applying CVar settings from Section [AntiAliasingQuality@3] File [C:/Users/Kewan/Github/GraveTalesoftheUrsus/GraveTalesoftheUrsus/Saved/Config/Windows/Scalability.ini]
[2023.03.25-05.17.16:411][  0]LogConfig: Setting CVar [[r.PostProcessAAQuality:4]]
[2023.03.25-05.17.16:411][  0]LogConfig: Applying CVar settings from Section [ShadowQuality@3] File [C:/Users/Kewan/Github/GraveTalesoftheUrsus/GraveTalesoftheUrsus/Saved/Config/Windows/Scalability.ini]
[2023.03.25-05.17.16:411][  0]LogConfig: Setting CVar [[r.LightFunctionQuality:1]]
[2023.03.25-05.17.16:411][  0]LogConfig: Setting CVar [[r.ShadowQuality:5]]
[2023.03.25-05.17.16:411][  0]LogConfig: Setting CVar [[r.Shadow.CSM.MaxCascades:10]]
[2023.03.25-05.17.16:411][  0]LogConfig: Setting CVar [[r.Shadow.MaxResolution:2048]]
[2023.03.25-05.17.16:411][  0]LogConfig: Setting CVar [[r.Shadow.MaxCSMResolution:2048]]
[2023.03.25-05.17.16:411][  0]LogConfig: Setting CVar [[r.Shadow.RadiusThreshold:0.01]]
[2023.03.25-05.17.16:411][  0]LogConfig: Setting CVar [[r.Shadow.DistanceScale:1.0]]
[2023.03.25-05.17.16:411][  0]LogConfig: Setting CVar [[r.Shadow.CSM.TransitionScale:1.0]]
[2023.03.25-05.17.16:411][  0]LogConfig: Setting CVar [[r.Shadow.PreShadowResolutionFactor:1.0]]
[2023.03.25-05.17.16:411][  0]LogConfig: Setting CVar [[r.DistanceFieldShadowing:1]]
[2023.03.25-05.17.16:411][  0]LogConfig: Setting CVar [[r.DistanceFieldAO:1]]
[2023.03.25-05.17.16:411][  0]LogConfig: Setting CVar [[r.AOQuality:2]]
[2023.03.25-05.17.16:411][  0]LogConfig: Setting CVar [[r.VolumetricFog:1]]
[2023.03.25-05.17.16:411][  0]LogConfig: Setting CVar [[r.VolumetricFog.GridPixelSize:8]]
[2023.03.25-05.17.16:411][  0]LogConfig: Setting CVar [[r.VolumetricFog.GridSizeZ:128]]
[2023.03.25-05.17.16:411][  0]LogConfig: Setting CVar [[r.VolumetricFog.HistoryMissSupersampleCount:4]]
[2023.03.25-05.17.16:411][  0]LogConfig: Setting CVar [[r.LightMaxDrawDistanceScale:1]]
[2023.03.25-05.17.16:411][  0]LogConfig: Setting CVar [[r.CapsuleShadows:1]]
[2023.03.25-05.17.16:411][  0]LogConfig: Applying CVar settings from Section [PostProcessQuality@3] File [C:/Users/Kewan/Github/GraveTalesoftheUrsus/GraveTalesoftheUrsus/Saved/Config/Windows/Scalability.ini]
[2023.03.25-05.17.16:411][  0]LogConfig: Setting CVar [[r.MotionBlurQuality:4]]
[2023.03.25-05.17.16:411][  0]LogConfig: Setting CVar [[r.AmbientOcclusionMipLevelFactor:0.4]]
[2023.03.25-05.17.16:411][  0]LogConfig: Setting CVar [[r.AmbientOcclusionMaxQuality:100]]
[2023.03.25-05.17.16:411][  0]LogConfig: Setting CVar [[r.AmbientOcclusionLevels:-1]]
[2023.03.25-05.17.16:411][  0]LogConfig: Setting CVar [[r.AmbientOcclusionRadiusScale:1.0]]
[2023.03.25-05.17.16:411][  0]LogConfig: Setting CVar [[r.DepthOfFieldQuality:2]]
[2023.03.25-05.17.16:411][  0]LogConfig: Setting CVar [[r.RenderTargetPoolMin:400]]
[2023.03.25-05.17.16:411][  0]LogConfig: Setting CVar [[r.LensFlareQuality:2]]
[2023.03.25-05.17.16:411][  0]LogConfig: Setting CVar [[r.SceneColorFringeQuality:1]]
[2023.03.25-05.17.16:411][  0]LogConfig: Setting CVar [[r.EyeAdaptationQuality:2]]
[2023.03.25-05.17.16:411][  0]LogConfig: Setting CVar [[r.BloomQuality:5]]
[2023.03.25-05.17.16:411][  0]LogConfig: Setting CVar [[r.FastBlurThreshold:100]]
[2023.03.25-05.17.16:411][  0]LogConfig: Setting CVar [[r.Upscale.Quality:3]]
[2023.03.25-05.17.16:411][  0]LogConfig: Setting CVar [[r.Tonemapper.GrainQuantization:1]]
[2023.03.25-05.17.16:411][  0]LogConfig: Setting CVar [[r.LightShaftQuality:1]]
[2023.03.25-05.17.16:411][  0]LogConfig: Setting CVar [[r.Filter.SizeScale:1]]
[2023.03.25-05.17.16:411][  0]LogConfig: Setting CVar [[r.Tonemapper.Quality:5]]
[2023.03.25-05.17.16:411][  0]LogConfig: Setting CVar [[r.DOF.Gather.AccumulatorQuality:1        ; higher gathering accumulator quality]]
[2023.03.25-05.17.16:411][  0]LogConfig: Setting CVar [[r.DOF.Gather.PostfilterMethod:1          ; Median3x3 postfilering method]]
[2023.03.25-05.17.16:411][  0]LogConfig: Setting CVar [[r.DOF.Gather.EnableBokehSettings:0       ; no bokeh simulation when gathering]]
[2023.03.25-05.17.16:411][  0]LogConfig: Setting CVar [[r.DOF.Gather.RingCount:4                 ; medium number of samples when gathering]]
[2023.03.25-05.17.16:411][  0]LogConfig: Setting CVar [[r.DOF.Scatter.ForegroundCompositing:1    ; additive foreground scattering]]
[2023.03.25-05.17.16:411][  0]LogConfig: Setting CVar [[r.DOF.Scatter.BackgroundCompositing:2    ; additive background scattering]]
[2023.03.25-05.17.16:411][  0]LogConfig: Setting CVar [[r.DOF.Scatter.EnableBokehSettings:1      ; bokeh simulation when scattering]]
[2023.03.25-05.17.16:411][  0]LogConfig: Setting CVar [[r.DOF.Scatter.MaxSpriteRatio:0.1         ; only a maximum of 10% of scattered bokeh]]
[2023.03.25-05.17.16:411][  0]LogConfig: Setting CVar [[r.DOF.Recombine.Quality:1                ; cheap slight out of focus]]
[2023.03.25-05.17.16:411][  0]LogConfig: Setting CVar [[r.DOF.Recombine.EnableBokehSettings:0    ; no bokeh simulation on slight out of focus]]
[2023.03.25-05.17.16:411][  0]LogConfig: Setting CVar [[r.DOF.TemporalAAQuality:1                ; more stable temporal accumulation]]
[2023.03.25-05.17.16:411][  0]LogConfig: Setting CVar [[r.DOF.Kernel.MaxForegroundRadius:0.025]]
[2023.03.25-05.17.16:411][  0]LogConfig: Setting CVar [[r.DOF.Kernel.MaxBackgroundRadius:0.025]]
[2023.03.25-05.17.16:411][  0]LogConfig: Applying CVar settings from Section [TextureQuality@3] File [C:/Users/Kewan/Github/GraveTalesoftheUrsus/GraveTalesoftheUrsus/Saved/Config/Windows/Scalability.ini]
[2023.03.25-05.17.16:411][  0]LogConfig: Setting CVar [[r.Streaming.MipBias:0]]
[2023.03.25-05.17.16:411][  0]LogConfig: Setting CVar [[r.Streaming.AmortizeCPUToGPUCopy:0]]
[2023.03.25-05.17.16:411][  0]LogConfig: Setting CVar [[r.Streaming.MaxNumTexturesToStreamPerFrame:0]]
[2023.03.25-05.17.16:411][  0]LogConfig: Setting CVar [[r.Streaming.Boost:1]]
[2023.03.25-05.17.16:411][  0]LogConfig: Setting CVar [[r.MaxAnisotropy:8]]
[2023.03.25-05.17.16:411][  0]LogConfig: Setting CVar [[r.VT.MaxAnisotropy:8]]
[2023.03.25-05.17.16:411][  0]LogConfig: Setting CVar [[r.Streaming.LimitPoolSizeToVRAM:0]]
[2023.03.25-05.17.16:411][  0]LogConfig: Setting CVar [[r.Streaming.PoolSize:1000]]
[2023.03.25-05.17.16:411][  0]LogConfig: Setting CVar [[r.Streaming.MaxEffectiveScreenSize:0]]
[2023.03.25-05.17.16:411][  0]LogConfig: Applying CVar settings from Section [EffectsQuality@3] File [C:/Users/Kewan/Github/GraveTalesoftheUrsus/GraveTalesoftheUrsus/Saved/Config/Windows/Scalability.ini]
[2023.03.25-05.17.16:411][  0]LogConfig: Setting CVar [[r.TranslucencyLightingVolumeDim:64]]
[2023.03.25-05.17.16:411][  0]LogConfig: Setting CVar [[r.RefractionQuality:2]]
[2023.03.25-05.17.16:411][  0]LogConfig: Setting CVar [[r.SSR.Quality:3]]
[2023.03.25-05.17.16:411][  0]LogConfig: Setting CVar [[r.SSR.HalfResSceneColor:0]]
[2023.03.25-05.17.16:411][  0]LogConfig: Setting CVar [[r.SceneColorFormat:4]]
[2023.03.25-05.17.16:411][  0]LogConfig: Setting CVar [[r.DetailMode:2]]
[2023.03.25-05.17.16:411][  0]LogConfig: Setting CVar [[r.TranslucencyVolumeBlur:1]]
[2023.03.25-05.17.16:411][  0]LogConfig: Setting CVar [[r.MaterialQualityLevel:1 ; High quality]]
[2023.03.25-05.17.16:411][  0]LogConfig: Setting CVar [[r.AnisotropicMaterials:1]]
[2023.03.25-05.17.16:411][  0]LogConfig: Setting CVar [[r.SSS.Scale:1]]
[2023.03.25-05.17.16:411][  0]LogConfig: Setting CVar [[r.SSS.SampleSet:2]]
[2023.03.25-05.17.16:411][  0]LogConfig: Setting CVar [[r.SSS.Quality:1]]
[2023.03.25-05.17.16:411][  0]LogConfig: Setting CVar [[r.SSS.HalfRes:0]]
[2023.03.25-05.17.16:411][  0]LogConfig: Setting CVar [[r.SSGI.Quality:3]]
[2023.03.25-05.17.16:412][  0]LogConfig: Setting CVar [[r.EmitterSpawnRateScale:1.0]]
[2023.03.25-05.17.16:412][  0]LogConfig: Setting CVar [[r.ParticleLightQuality:2]]
[2023.03.25-05.17.16:412][  0]LogConfig: Setting CVar [[r.SkyAtmosphere.AerialPerspectiveLUT.FastApplyOnOpaque:1 ; Always have FastSkyLUT 1 in this case to avoid wrong sky]]
[2023.03.25-05.17.16:412][  0]LogConfig: Setting CVar [[r.SkyAtmosphere.AerialPerspectiveLUT.SampleCountMaxPerSlice:4]]
[2023.03.25-05.17.16:412][  0]LogConfig: Setting CVar [[r.SkyAtmosphere.AerialPerspectiveLUT.DepthResolution:16.0]]
[2023.03.25-05.17.16:412][  0]LogConfig: Setting CVar [[r.SkyAtmosphere.FastSkyLUT:1]]
[2023.03.25-05.17.16:412][  0]LogConfig: Setting CVar [[r.SkyAtmosphere.FastSkyLUT.SampleCountMin:4.0]]
[2023.03.25-05.17.16:412][  0]LogConfig: Setting CVar [[r.SkyAtmosphere.FastSkyLUT.SampleCountMax:128.0]]
[2023.03.25-05.17.16:412][  0]LogConfig: Setting CVar [[r.SkyAtmosphere.SampleCountMin:4.0]]
[2023.03.25-05.17.16:412][  0]LogConfig: Setting CVar [[r.SkyAtmosphere.SampleCountMax:128.0]]
[2023.03.25-05.17.16:412][  0]LogConfig: Setting CVar [[r.SkyAtmosphere.TransmittanceLUT.UseSmallFormat:0]]
[2023.03.25-05.17.16:412][  0]LogConfig: Setting CVar [[r.SkyAtmosphere.TransmittanceLUT.SampleCount:10.0]]
[2023.03.25-05.17.16:412][  0]LogConfig: Setting CVar [[r.SkyAtmosphere.MultiScatteringLUT.SampleCount:15.0]]
[2023.03.25-05.17.16:412][  0]LogConfig: Setting CVar [[r.SkyLight.RealTimeReflectionCapture:1]]
[2023.03.25-05.17.16:412][  0]LogConfig: Applying CVar settings from Section [FoliageQuality@3] File [C:/Users/Kewan/Github/GraveTalesoftheUrsus/GraveTalesoftheUrsus/Saved/Config/Windows/Scalability.ini]
[2023.03.25-05.17.16:412][  0]LogConfig: Setting CVar [[foliage.DensityScale:1.0]]
[2023.03.25-05.17.16:412][  0]LogConfig: Setting CVar [[grass.DensityScale:1.0]]
[2023.03.25-05.17.16:412][  0]LogConfig: Applying CVar settings from Section [ShadingQuality@3] File [C:/Users/Kewan/Github/GraveTalesoftheUrsus/GraveTalesoftheUrsus/Saved/Config/Windows/Scalability.ini]
[2023.03.25-05.17.16:412][  0]LogConfig: Setting CVar [[r.HairStrands.SkyLighting.IntegrationType:2]]
[2023.03.25-05.17.16:412][  0]LogConfig: Setting CVar [[r.HairStrands.SkyAO.SampleCount:4]]
[2023.03.25-05.17.16:412][  0]LogConfig: Setting CVar [[r.HairStrands.Visibility.MSAA.SamplePerPixel:4]]
[2023.03.25-05.17.16:412][  0]LogInit: Selected Device Profile: [Windows]
[2023.03.25-05.17.16:412][  0]LogInit: Applying CVar settings loaded from the selected device profile: [Windows]
[2023.03.25-05.17.16:412][  0]LogHAL: Display: Platform has ~ 16 GB [16734552064 / 17179869184 / 16], which maps to Larger [LargestMinGB=32, LargerMinGB=12, DefaultMinGB=8, SmallerMinGB=6, SmallestMinGB=0)
[2023.03.25-05.17.16:412][  0]LogInit: Going up to parent DeviceProfile []
[2023.03.25-05.17.16:412][  0]LogConfig: Applying CVar settings from Section [ViewDistanceQuality@3] File [C:/Users/Kewan/Github/GraveTalesoftheUrsus/GraveTalesoftheUrsus/Saved/Config/Windows/Scalability.ini]
[2023.03.25-05.17.16:412][  0]LogConfig: Setting CVar [[r.SkeletalMeshLODBias:0]]
[2023.03.25-05.17.16:412][  0]LogConfig: Setting CVar [[r.ViewDistanceScale:1.0]]
[2023.03.25-05.17.16:412][  0]LogConfig: Applying CVar settings from Section [AntiAliasingQuality@3] File [C:/Users/Kewan/Github/GraveTalesoftheUrsus/GraveTalesoftheUrsus/Saved/Config/Windows/Scalability.ini]
[2023.03.25-05.17.16:412][  0]LogConfig: Setting CVar [[r.PostProcessAAQuality:4]]
[2023.03.25-05.17.16:412][  0]LogConfig: Applying CVar settings from Section [ShadowQuality@3] File [C:/Users/Kewan/Github/GraveTalesoftheUrsus/GraveTalesoftheUrsus/Saved/Config/Windows/Scalability.ini]
[2023.03.25-05.17.16:412][  0]LogConfig: Setting CVar [[r.LightFunctionQuality:1]]
[2023.03.25-05.17.16:412][  0]LogConfig: Setting CVar [[r.ShadowQuality:5]]
[2023.03.25-05.17.16:412][  0]LogConfig: Setting CVar [[r.Shadow.CSM.MaxCascades:10]]
[2023.03.25-05.17.16:412][  0]LogConfig: Setting CVar [[r.Shadow.MaxResolution:2048]]
[2023.03.25-05.17.16:412][  0]LogConfig: Setting CVar [[r.Shadow.MaxCSMResolution:2048]]
[2023.03.25-05.17.16:412][  0]LogConfig: Setting CVar [[r.Shadow.RadiusThreshold:0.01]]
[2023.03.25-05.17.16:412][  0]LogConfig: Setting CVar [[r.Shadow.DistanceScale:1.0]]
[2023.03.25-05.17.16:412][  0]LogConfig: Setting CVar [[r.Shadow.CSM.TransitionScale:1.0]]
[2023.03.25-05.17.16:412][  0]LogConfig: Setting CVar [[r.Shadow.PreShadowResolutionFactor:1.0]]
[2023.03.25-05.17.16:412][  0]LogConfig: Setting CVar [[r.DistanceFieldShadowing:1]]
[2023.03.25-05.17.16:412][  0]LogConfig: Setting CVar [[r.DistanceFieldAO:1]]
[2023.03.25-05.17.16:412][  0]LogConfig: Setting CVar [[r.AOQuality:2]]
[2023.03.25-05.17.16:412][  0]LogConfig: Setting CVar [[r.VolumetricFog:1]]
[2023.03.25-05.17.16:412][  0]LogConfig: Setting CVar [[r.VolumetricFog.GridPixelSize:8]]
[2023.03.25-05.17.16:412][  0]LogConfig: Setting CVar [[r.VolumetricFog.GridSizeZ:128]]
[2023.03.25-05.17.16:412][  0]LogConfig: Setting CVar [[r.VolumetricFog.HistoryMissSupersampleCount:4]]
[2023.03.25-05.17.16:412][  0]LogConfig: Setting CVar [[r.LightMaxDrawDistanceScale:1]]
[2023.03.25-05.17.16:412][  0]LogConfig: Setting CVar [[r.CapsuleShadows:1]]
[2023.03.25-05.17.16:412][  0]LogConfig: Applying CVar settings from Section [PostProcessQuality@3] File [C:/Users/Kewan/Github/GraveTalesoftheUrsus/GraveTalesoftheUrsus/Saved/Config/Windows/Scalability.ini]
[2023.03.25-05.17.16:412][  0]LogConfig: Setting CVar [[r.MotionBlurQuality:4]]
[2023.03.25-05.17.16:412][  0]LogConfig: Setting CVar [[r.AmbientOcclusionMipLevelFactor:0.4]]
[2023.03.25-05.17.16:412][  0]LogConfig: Setting CVar [[r.AmbientOcclusionMaxQuality:100]]
[2023.03.25-05.17.16:412][  0]LogConfig: Setting CVar [[r.AmbientOcclusionLevels:-1]]
[2023.03.25-05.17.16:412][  0]LogConfig: Setting CVar [[r.AmbientOcclusionRadiusScale:1.0]]
[2023.03.25-05.17.16:412][  0]LogConfig: Setting CVar [[r.DepthOfFieldQuality:2]]
[2023.03.25-05.17.16:412][  0]LogConfig: Setting CVar [[r.RenderTargetPoolMin:400]]
[2023.03.25-05.17.16:412][  0]LogConfig: Setting CVar [[r.LensFlareQuality:2]]
[2023.03.25-05.17.16:412][  0]LogConfig: Setting CVar [[r.SceneColorFringeQuality:1]]
[2023.03.25-05.17.16:412][  0]LogConfig: Setting CVar [[r.EyeAdaptationQuality:2]]
[2023.03.25-05.17.16:412][  0]LogConfig: Setting CVar [[r.BloomQuality:5]]
[2023.03.25-05.17.16:412][  0]LogConfig: Setting CVar [[r.FastBlurThreshold:100]]
[2023.03.25-05.17.16:412][  0]LogConfig: Setting CVar [[r.Upscale.Quality:3]]
[2023.03.25-05.17.16:412][  0]LogConfig: Setting CVar [[r.Tonemapper.GrainQuantization:1]]
[2023.03.25-05.17.16:412][  0]LogConfig: Setting CVar [[r.LightShaftQuality:1]]
[2023.03.25-05.17.16:412][  0]LogConfig: Setting CVar [[r.Filter.SizeScale:1]]
[2023.03.25-05.17.16:412][  0]LogConfig: Setting CVar [[r.Tonemapper.Quality:5]]
[2023.03.25-05.17.16:412][  0]LogConfig: Setting CVar [[r.DOF.Gather.AccumulatorQuality:1        ; higher gathering accumulator quality]]
[2023.03.25-05.17.16:412][  0]LogConfig: Setting CVar [[r.DOF.Gather.PostfilterMethod:1          ; Median3x3 postfilering method]]
[2023.03.25-05.17.16:412][  0]LogConfig: Setting CVar [[r.DOF.Gather.EnableBokehSettings:0       ; no bokeh simulation when gathering]]
[2023.03.25-05.17.16:412][  0]LogConfig: Setting CVar [[r.DOF.Gather.RingCount:4                 ; medium number of samples when gathering]]
[2023.03.25-05.17.16:412][  0]LogConfig: Setting CVar [[r.DOF.Scatter.ForegroundCompositing:1    ; additive foreground scattering]]
[2023.03.25-05.17.16:412][  0]LogConfig: Setting CVar [[r.DOF.Scatter.BackgroundCompositing:2    ; additive background scattering]]
[2023.03.25-05.17.16:412][  0]LogConfig: Setting CVar [[r.DOF.Scatter.EnableBokehSettings:1      ; bokeh simulation when scattering]]
[2023.03.25-05.17.16:412][  0]LogConfig: Setting CVar [[r.DOF.Scatter.MaxSpriteRatio:0.1         ; only a maximum of 10% of scattered bokeh]]
[2023.03.25-05.17.16:412][  0]LogConfig: Setting CVar [[r.DOF.Recombine.Quality:1                ; cheap slight out of focus]]
[2023.03.25-05.17.16:412][  0]LogConfig: Setting CVar [[r.DOF.Recombine.EnableBokehSettings:0    ; no bokeh simulation on slight out of focus]]
[2023.03.25-05.17.16:413][  0]LogConfig: Setting CVar [[r.DOF.TemporalAAQuality:1                ; more stable temporal accumulation]]
[2023.03.25-05.17.16:413][  0]LogConfig: Setting CVar [[r.DOF.Kernel.MaxForegroundRadius:0.025]]
[2023.03.25-05.17.16:413][  0]LogConfig: Setting CVar [[r.DOF.Kernel.MaxBackgroundRadius:0.025]]
[2023.03.25-05.17.16:413][  0]LogConfig: Applying CVar settings from Section [TextureQuality@3] File [C:/Users/Kewan/Github/GraveTalesoftheUrsus/GraveTalesoftheUrsus/Saved/Config/Windows/Scalability.ini]
[2023.03.25-05.17.16:413][  0]LogConfig: Setting CVar [[r.Streaming.MipBias:0]]
[2023.03.25-05.17.16:413][  0]LogConfig: Setting CVar [[r.Streaming.AmortizeCPUToGPUCopy:0]]
[2023.03.25-05.17.16:413][  0]LogConfig: Setting CVar [[r.Streaming.MaxNumTexturesToStreamPerFrame:0]]
[2023.03.25-05.17.16:413][  0]LogConfig: Setting CVar [[r.Streaming.Boost:1]]
[2023.03.25-05.17.16:413][  0]LogConfig: Setting CVar [[r.MaxAnisotropy:8]]
[2023.03.25-05.17.16:413][  0]LogConfig: Setting CVar [[r.VT.MaxAnisotropy:8]]
[2023.03.25-05.17.16:413][  0]LogConfig: Setting CVar [[r.Streaming.LimitPoolSizeToVRAM:0]]
[2023.03.25-05.17.16:413][  0]LogConfig: Setting CVar [[r.Streaming.PoolSize:1000]]
[2023.03.25-05.17.16:413][  0]LogConfig: Setting CVar [[r.Streaming.MaxEffectiveScreenSize:0]]
[2023.03.25-05.17.16:413][  0]LogConfig: Applying CVar settings from Section [EffectsQuality@3] File [C:/Users/Kewan/Github/GraveTalesoftheUrsus/GraveTalesoftheUrsus/Saved/Config/Windows/Scalability.ini]
[2023.03.25-05.17.16:413][  0]LogConfig: Setting CVar [[r.TranslucencyLightingVolumeDim:64]]
[2023.03.25-05.17.16:413][  0]LogConfig: Setting CVar [[r.RefractionQuality:2]]
[2023.03.25-05.17.16:413][  0]LogConfig: Setting CVar [[r.SSR.Quality:3]]
[2023.03.25-05.17.16:413][  0]LogConfig: Setting CVar [[r.SSR.HalfResSceneColor:0]]
[2023.03.25-05.17.16:413][  0]LogConfig: Setting CVar [[r.SceneColorFormat:4]]
[2023.03.25-05.17.16:413][  0]LogConfig: Setting CVar [[r.DetailMode:2]]
[2023.03.25-05.17.16:413][  0]LogConfig: Setting CVar [[r.TranslucencyVolumeBlur:1]]
[2023.03.25-05.17.16:413][  0]LogConfig: Setting CVar [[r.MaterialQualityLevel:1 ; High quality]]
[2023.03.25-05.17.16:413][  0]LogConfig: Setting CVar [[r.AnisotropicMaterials:1]]
[2023.03.25-05.17.16:413][  0]LogConfig: Setting CVar [[r.SSS.Scale:1]]
[2023.03.25-05.17.16:413][  0]LogConfig: Setting CVar [[r.SSS.SampleSet:2]]
[2023.03.25-05.17.16:413][  0]LogConfig: Setting CVar [[r.SSS.Quality:1]]
[2023.03.25-05.17.16:413][  0]LogConfig: Setting CVar [[r.SSS.HalfRes:0]]
[2023.03.25-05.17.16:413][  0]LogConfig: Setting CVar [[r.SSGI.Quality:3]]
[2023.03.25-05.17.16:413][  0]LogConfig: Setting CVar [[r.EmitterSpawnRateScale:1.0]]
[2023.03.25-05.17.16:413][  0]LogConfig: Setting CVar [[r.ParticleLightQuality:2]]
[2023.03.25-05.17.16:413][  0]LogConfig: Setting CVar [[r.SkyAtmosphere.AerialPerspectiveLUT.FastApplyOnOpaque:1 ; Always have FastSkyLUT 1 in this case to avoid wrong sky]]
[2023.03.25-05.17.16:413][  0]LogConfig: Setting CVar [[r.SkyAtmosphere.AerialPerspectiveLUT.SampleCountMaxPerSlice:4]]
[2023.03.25-05.17.16:413][  0]LogConfig: Setting CVar [[r.SkyAtmosphere.AerialPerspectiveLUT.DepthResolution:16.0]]
[2023.03.25-05.17.16:413][  0]LogConfig: Setting CVar [[r.SkyAtmosphere.FastSkyLUT:1]]
[2023.03.25-05.17.16:413][  0]LogConfig: Setting CVar [[r.SkyAtmosphere.FastSkyLUT.SampleCountMin:4.0]]
[2023.03.25-05.17.16:413][  0]LogConfig: Setting CVar [[r.SkyAtmosphere.FastSkyLUT.SampleCountMax:128.0]]
[2023.03.25-05.17.16:413][  0]LogConfig: Setting CVar [[r.SkyAtmosphere.SampleCountMin:4.0]]
[2023.03.25-05.17.16:413][  0]LogConfig: Setting CVar [[r.SkyAtmosphere.SampleCountMax:128.0]]
[2023.03.25-05.17.16:413][  0]LogConfig: Setting CVar [[r.SkyAtmosphere.TransmittanceLUT.UseSmallFormat:0]]
[2023.03.25-05.17.16:413][  0]LogConfig: Setting CVar [[r.SkyAtmosphere.TransmittanceLUT.SampleCount:10.0]]
[2023.03.25-05.17.16:413][  0]LogConfig: Setting CVar [[r.SkyAtmosphere.MultiScatteringLUT.SampleCount:15.0]]
[2023.03.25-05.17.16:413][  0]LogConfig: Setting CVar [[r.SkyLight.RealTimeReflectionCapture:1]]
[2023.03.25-05.17.16:413][  0]LogConfig: Applying CVar settings from Section [FoliageQuality@3] File [C:/Users/Kewan/Github/GraveTalesoftheUrsus/GraveTalesoftheUrsus/Saved/Config/Windows/Scalability.ini]
[2023.03.25-05.17.16:413][  0]LogConfig: Setting CVar [[foliage.DensityScale:1.0]]
[2023.03.25-05.17.16:413][  0]LogConfig: Setting CVar [[grass.DensityScale:1.0]]
[2023.03.25-05.17.16:413][  0]LogConfig: Applying CVar settings from Section [ShadingQuality@3] File [C:/Users/Kewan/Github/GraveTalesoftheUrsus/GraveTalesoftheUrsus/Saved/Config/Windows/Scalability.ini]
[2023.03.25-05.17.16:413][  0]LogConfig: Setting CVar [[r.HairStrands.SkyLighting.IntegrationType:2]]
[2023.03.25-05.17.16:413][  0]LogConfig: Setting CVar [[r.HairStrands.SkyAO.SampleCount:4]]
[2023.03.25-05.17.16:413][  0]LogConfig: Setting CVar [[r.HairStrands.Visibility.MSAA.SamplePerPixel:4]]
[2023.03.25-05.17.16:413][  0]LogConfig: Applying CVar settings from Section [Startup] File [../../../Engine/Config/ConsoleVariables.ini]
[2023.03.25-05.17.16:414][  0]LogConfig: Setting CVar [[net.UseAdaptiveNetUpdateFrequency:0]]
[2023.03.25-05.17.16:414][  0]LogConfig: Setting CVar [[p.chaos.AllowCreatePhysxBodies:1]]
[2023.03.25-05.17.16:414][  0]LogConfig: Setting CVar [[fx.SkipVectorVMBackendOptimizations:1]]
[2023.03.25-05.17.16:414][  0]LogConfig: Applying CVar settings from Section [ConsoleVariables] File [C:/Users/Kewan/Github/GraveTalesoftheUrsus/GraveTalesoftheUrsus/Saved/Config/Windows/Engine.ini]
[2023.03.25-05.17.16:414][  0]LogConfig: Applying CVar settings from Section [ConsoleVariables] File [C:/Users/Kewan/Github/GraveTalesoftheUrsus/GraveTalesoftheUrsus/Saved/Config/Windows/Editor.ini]
[2023.03.25-05.17.16:414][  0]LogInit: Computer: PORKBUNS
[2023.03.25-05.17.16:414][  0]LogInit: User: Kewan
[2023.03.25-05.17.16:414][  0]LogInit: CPU Page size=4096, Cores=12
[2023.03.25-05.17.16:414][  0]LogInit: High frequency timer resolution =10.000000 MHz
[2023.03.25-05.17.16:414][  0]LogMemory: Memory total: Physical=15.6GB (16GB approx)
[2023.03.25-05.17.16:414][  0]LogMemory: Platform Memory Stats for Windows
[2023.03.25-05.17.16:414][  0]LogMemory: Process Physical Memory: 147.36 MB used, 147.36 MB peak
[2023.03.25-05.17.16:414][  0]LogMemory: Process Virtual Memory: 129.12 MB used, 129.12 MB peak
[2023.03.25-05.17.16:414][  0]LogMemory: Physical Memory: 10161.44 MB used,  5797.88 MB free, 15959.31 MB total
[2023.03.25-05.17.16:414][  0]LogMemory: Virtual Memory: 134210968.00 MB used,  6761.96 MB free, 134217728.00 MB total
[2023.03.25-05.17.16:421][  0]LogWindows: WindowsPlatformFeatures enabled
[2023.03.25-05.17.16:446][  0]LogInit: Physics initialised using underlying interface: PhysX
[2023.03.25-05.17.16:447][  0]LogInit: Using OS detected language (en-GB).
[2023.03.25-05.17.16:447][  0]LogInit: Using OS detected locale (en-CA).
[2023.03.25-05.17.16:450][  0]LogTextLocalizationManager: No specific localization for 'en-GB' exists, so the 'en' localization will be used.
[2023.03.25-05.17.16:658][  0]LogInit: Setting process to per monitor DPI aware
[2023.03.25-05.17.16:670][  0]LogWindowsTextInputMethodSystem: Display: IME system deactivated.
[2023.03.25-05.17.16:684][  0]LogSlate: New Slate User Created.  User Index 0, Is Virtual User: 0
[2023.03.25-05.17.16:684][  0]LogSlate: Slate User Registered.  User Index 0, Is Virtual User: 0
[2023.03.25-05.17.16:798][  0]LogD3D11RHI: Loaded GFSDK_Aftermath_Lib.x64.dll
[2023.03.25-05.17.16:807][  0]LogHMD: Failed to initialize OpenVR with code 110
[2023.03.25-05.17.16:807][  0]LogD3D11RHI: D3D11 min allowed feature level: 11_0
[2023.03.25-05.17.16:807][  0]LogD3D11RHI: D3D11 max allowed feature level: 11_0
[2023.03.25-05.17.16:807][  0]LogD3D11RHI: D3D11 adapters:
[2023.03.25-05.17.16:969][  0]LogD3D11RHI:    0. 'Intel(R) Iris(R) Xe Graphics' (Feature Level 11_0)
[2023.03.25-05.17.16:969][  0]LogD3D11RHI:       128/0/7979 MB DedicatedVideo/DedicatedSystem/SharedSystem, Outputs:1, VendorId:0x8086
[2023.03.25-05.17.16:972][  0]LogD3D11RHI:    1. 'Microsoft Basic Render Driver' (Feature Level 11_0)
[2023.03.25-05.17.16:972][  0]LogD3D11RHI:       0/0/7979 MB DedicatedVideo/DedicatedSystem/SharedSystem, Outputs:0, VendorId:0x1414
[2023.03.25-05.17.16:972][  0]LogD3D11RHI: Chosen D3D11 Adapter:
[2023.03.25-05.17.16:972][  0]LogD3D11RHI:     Description : Intel(R) Iris(R) Xe Graphics
[2023.03.25-05.17.16:972][  0]LogD3D11RHI:     VendorId    : 8086
[2023.03.25-05.17.16:972][  0]LogD3D11RHI:     DeviceId    : 46a6
[2023.03.25-05.17.16:972][  0]LogD3D11RHI:     SubSysId    : 30228086
[2023.03.25-05.17.16:972][  0]LogD3D11RHI:     Revision    : 000c
[2023.03.25-05.17.16:972][  0]LogD3D11RHI:     DedicatedVideoMemory : 134217728 bytes
[2023.03.25-05.17.16:972][  0]LogD3D11RHI:     DedicatedSystemMemory : 0 bytes
[2023.03.25-05.17.16:972][  0]LogD3D11RHI:     SharedSystemMemory : 8367276032 bytes
[2023.03.25-05.17.16:972][  0]LogD3D11RHI:     AdapterLuid : 0 72686
[2023.03.25-05.17.16:982][  0]LogD3D11RHI: Creating new Direct3DDevice
[2023.03.25-05.17.16:982][  0]LogD3D11RHI:     GPU DeviceId: 0x46a6 (for the marketing name, search the web for "GPU Device Id")
[2023.03.25-05.17.16:982][  0]LogWindows: EnumDisplayDevices:
[2023.03.25-05.17.16:982][  0]LogWindows:    0. 'Intel(R) Iris(R) Xe Graphics' (P:1 D:1)
[2023.03.25-05.17.16:982][  0]LogWindows:    1. 'Intel(R) Iris(R) Xe Graphics' (P:0 D:0)
[2023.03.25-05.17.16:982][  0]LogWindows:    2. 'Intel(R) Iris(R) Xe Graphics' (P:0 D:0)
[2023.03.25-05.17.16:983][  0]LogWindows:    3. 'Intel(R) Iris(R) Xe Graphics' (P:0 D:0)
[2023.03.25-05.17.16:983][  0]LogWindows: DebugString: FoundDriverCount:4 
[2023.03.25-05.17.16:983][  0]LogD3D11RHI:     Adapter Name: Intel(R) Iris(R) Xe Graphics
[2023.03.25-05.17.16:983][  0]LogD3D11RHI:   Driver Version: 30.0.101.1369 (internal:30.0.101.1369, unified:30.0.101.1369)
[2023.03.25-05.17.16:983][  0]LogD3D11RHI:      Driver Date: 2-3-2022
[2023.03.25-05.17.16:983][  0]LogRHI: Texture pool is 1523 MB (70% of 2176 MB)
[2023.03.25-05.17.16:990][  0]LogD3D11RHI: Creating D3DDevice using adapter:
[2023.03.25-05.17.16:990][  0]LogD3D11RHI:     Description : Intel(R) Iris(R) Xe Graphics
[2023.03.25-05.17.16:990][  0]LogD3D11RHI:     VendorId    : 8086
[2023.03.25-05.17.16:990][  0]LogD3D11RHI:     DeviceId    : 46a6
[2023.03.25-05.17.16:990][  0]LogD3D11RHI:     SubSysId    : 30228086
[2023.03.25-05.17.16:990][  0]LogD3D11RHI:     Revision    : 000c
[2023.03.25-05.17.16:990][  0]LogD3D11RHI:     DedicatedVideoMemory : 134217728 bytes
[2023.03.25-05.17.16:990][  0]LogD3D11RHI:     DedicatedSystemMemory : 0 bytes
[2023.03.25-05.17.16:990][  0]LogD3D11RHI:     SharedSystemMemory : 8367276032 bytes
[2023.03.25-05.17.16:990][  0]LogD3D11RHI:     AdapterLuid : 0 72686
[2023.03.25-05.17.17:122][  0]LogD3D11RHI: RHI does not have support for 64 bit atomics
[2023.03.25-05.17.17:141][  0]LogD3D11RHI: Intel Extensions support version Full=16777216, Major=1, Minor=0, Revision=0
[2023.03.25-05.17.17:141][  0]LogD3D11RHI: Intel Extensions support version Full=16777217, Major=1, Minor=0, Revision=1
[2023.03.25-05.17.17:141][  0]LogD3D11RHI: Intel Extensions Framework enabled
[2023.03.25-05.17.17:142][  0]LogD3D11RHI: [IntelMetricsDiscovery] Started
[2023.03.25-05.17.17:142][  0]LogD3D11RHI: Async texture creation enabled
[2023.03.25-05.17.17:142][  0]LogD3D11RHI: Array index from any shader is supported
[2023.03.25-05.17.17:166][  0]LogD3D11RHI: GPU Timing Frequency: 19.200000 (Debug: 2 0)
[2023.03.25-05.17.17:490][  0]LogTargetPlatformManager: Display: Loaded TargetPlatform 'AllDesktop'
[2023.03.25-05.17.17:514][  0]LogTargetPlatformManager: Display: Loaded TargetPlatform 'Android'
[2023.03.25-05.17.17:514][  0]LogTargetPlatformManager: Display: Loaded TargetPlatform 'Android_ASTC'
[2023.03.25-05.17.17:514][  0]LogTargetPlatformManager: Display: Loaded TargetPlatform 'Android_DXT'
[2023.03.25-05.17.17:514][  0]LogTargetPlatformManager: Display: Loaded TargetPlatform 'Android_ETC2'
[2023.03.25-05.17.17:514][  0]LogTargetPlatformManager: Display: Loaded TargetPlatform 'AndroidClient'
[2023.03.25-05.17.17:514][  0]LogTargetPlatformManager: Display: Loaded TargetPlatform 'Android_ASTCClient'
[2023.03.25-05.17.17:514][  0]LogTargetPlatformManager: Display: Loaded TargetPlatform 'Android_DXTClient'
[2023.03.25-05.17.17:514][  0]LogTargetPlatformManager: Display: Loaded TargetPlatform 'Android_ETC2Client'
[2023.03.25-05.17.17:514][  0]LogTargetPlatformManager: Display: Loaded TargetPlatform 'Android_Multi'
[2023.03.25-05.17.17:514][  0]LogTargetPlatformManager: Display: Loaded TargetPlatform 'Android_MultiClient'
[2023.03.25-05.17.17:536][  0]LogTargetPlatformManager: Display: Loaded TargetPlatform 'IOSClient'
[2023.03.25-05.17.17:536][  0]LogTargetPlatformManager: Display: Loaded TargetPlatform 'IOS'
[2023.03.25-05.17.17:549][  0]LogTargetPlatformManager: Display: Loaded TargetPlatform 'Linux'
[2023.03.25-05.17.17:554][  0]LogTargetPlatformManager: Display: Loaded TargetPlatform 'LinuxNoEditor'
[2023.03.25-05.17.17:559][  0]LogTargetPlatformManager: Display: Loaded TargetPlatform 'LinuxClient'
[2023.03.25-05.17.17:564][  0]LogTargetPlatformManager: Display: Loaded TargetPlatform 'LinuxServer'
[2023.03.25-05.17.17:576][  0]LogTargetPlatformManager: Display: Loaded TargetPlatform 'LinuxAArch64NoEditor'
[2023.03.25-05.17.17:580][  0]LogTargetPlatformManager: Display: Loaded TargetPlatform 'LinuxAArch64Client'
[2023.03.25-05.17.17:585][  0]LogTargetPlatformManager: Display: Loaded TargetPlatform 'LinuxAArch64Server'
[2023.03.25-05.17.17:611][  0]LogTargetPlatformManager: Display: Loaded TargetPlatform 'Lumin'
[2023.03.25-05.17.17:611][  0]LogTargetPlatformManager: Display: Loaded TargetPlatform 'LuminClient'
[2023.03.25-05.17.17:621][  0]LogTargetPlatformManager: Display: Loaded TargetPlatform 'MacNoEditor'
[2023.03.25-05.17.17:625][  0]LogTargetPlatformManager: Display: Loaded TargetPlatform 'Mac'
[2023.03.25-05.17.17:629][  0]LogTargetPlatformManager: Display: Loaded TargetPlatform 'MacClient'
[2023.03.25-05.17.17:634][  0]LogTargetPlatformManager: Display: Loaded TargetPlatform 'MacServer'
[2023.03.25-05.17.17:647][  0]LogTargetPlatformManager: Display: Loaded TargetPlatform 'TVOSClient'
[2023.03.25-05.17.17:647][  0]LogTargetPlatformManager: Display: Loaded TargetPlatform 'TVOS'
[2023.03.25-05.17.17:658][  0]LogTargetPlatformManager: Display: Loaded TargetPlatform 'WindowsNoEditor'
[2023.03.25-05.17.17:664][  0]LogTargetPlatformManager: Display: Loaded TargetPlatform 'Windows'
[2023.03.25-05.17.17:670][  0]LogTargetPlatformManager: Display: Loaded TargetPlatform 'WindowsClient'
[2023.03.25-05.17.17:675][  0]LogTargetPlatformManager: Display: Loaded TargetPlatform 'WindowsServer'
[2023.03.25-05.17.17:676][  0]LogTargetPlatformManager: Display: Building Assets For Windows
[2023.03.25-05.17.17:684][  0]LogAudioDebug: Display: Lib vorbis DLL was dynamically loaded.
[2023.03.25-05.17.17:717][  0]LogTextureFormatOodle: Display: Oodle Texture 2.9.0 init RDO Off
[2023.03.25-05.17.17:753][  0]LogRendererCore: Ray tracing is disabled. Reason: r.RayTracing=0.
[2023.03.25-05.17.17:753][  0]LogShaderCompilers: Guid format shader working directory is -32 characters bigger than the processId version (../../../../../../Users/Kewan/Github/GraveTalesoftheUrsus/GraveTalesoftheUrsus/Intermediate/Shaders/WorkingDirectory/8520/).
[2023.03.25-05.17.17:753][  0]LogShaderCompilers: Cleaned the shader compiler working directory 'C:/Users/Kewan/AppData/Local/Temp/UnrealShaderWorkingDir/A99AE6974D5AF3FFB2D105A5C1595E51/'.
[2023.03.25-05.17.17:753][  0]LogXGEController: Cannot use XGE Controller as Incredibuild is not installed on this machine.
[2023.03.25-05.17.17:753][  0]LogShaderCompilers: Cannot use XGE Shader Compiler as Incredibuild is not installed on this machine.
[2023.03.25-05.17.17:753][  0]LogShaderCompilers: Display: Using Local Shader Compiler.
[2023.03.25-05.17.18:620][  0]LogDerivedDataCache: Display: Max Cache Size: 512 MB
[2023.03.25-05.17.18:693][  0]LogDerivedDataCache: Loaded boot cache 0.07s 94MB C:/Users/Kewan/AppData/Local/UnrealEngine/4.27/DerivedDataCache/Boot.ddc.
[2023.03.25-05.17.18:693][  0]LogDerivedDataCache: Display: Loaded Boot cache: C:/Users/Kewan/AppData/Local/UnrealEngine/4.27/DerivedDataCache/Boot.ddc
[2023.03.25-05.17.18:693][  0]LogDerivedDataCache: FDerivedDataBackendGraph:  Pak pak cache file ../../../../../../Users/Kewan/Github/GraveTalesoftheUrsus/GraveTalesoftheUrsus/DerivedDataCache/DDC.ddp not found, will not use a pak cache.
[2023.03.25-05.17.18:693][  0]LogDerivedDataCache: Unable to find inner node Pak for hierarchical cache Hierarchy.
[2023.03.25-05.17.18:693][  0]LogDerivedDataCache: FDerivedDataBackendGraph:  CompressedPak pak cache file ../../../../../../Users/Kewan/Github/GraveTalesoftheUrsus/GraveTalesoftheUrsus/DerivedDataCache/Compressed.ddp not found, will not use a pak cache.
[2023.03.25-05.17.18:693][  0]LogDerivedDataCache: Unable to find inner node CompressedPak for hierarchical cache Hierarchy.
[2023.03.25-05.17.18:714][  0]LogDerivedDataCache: Display: Pak cache opened for reading ../../../Engine/DerivedDataCache/Compressed.ddp.
[2023.03.25-05.17.18:714][  0]LogDerivedDataCache: FDerivedDataBackendGraph:  EnterprisePak pak cache file ../../../Enterprise/DerivedDataCache/Compressed.ddp not found, will not use a pak cache.
[2023.03.25-05.17.18:714][  0]LogDerivedDataCache: Unable to find inner node EnterprisePak for hierarchical cache Hierarchy.
[2023.03.25-05.17.18:729][  0]LogDerivedDataCache: Speed tests for C:/Users/Kewan/AppData/Local/UnrealEngine/Common/DerivedDataCache took 0.01 seconds
[2023.03.25-05.17.18:729][  0]LogDerivedDataCache: Display: Performance to C:/Users/Kewan/AppData/Local/UnrealEngine/Common/DerivedDataCache: Latency=0.02ms. RandomReadSpeed=103.25MBs, RandomWriteSpeed=180.98MBs. Assigned SpeedClass 'Local'
[2023.03.25-05.17.18:729][  0]LogDerivedDataCache: Using Local data cache path C:/Users/Kewan/AppData/Local/UnrealEngine/Common/DerivedDataCache: Writable
[2023.03.25-05.17.18:730][  0]LogDerivedDataCache: Shared data cache path not found in *engine.ini, will not use an Shared cache.
[2023.03.25-05.17.18:730][  0]LogDerivedDataCache: Unable to find inner node Shared for hierarchical cache Hierarchy.
[2023.03.25-05.17.18:779][  0]LogSlate: Using FreeType 2.10.0
[2023.03.25-05.17.18:779][  0]LogSlate: SlateFontServices - WITH_FREETYPE: 1, WITH_HARFBUZZ: 1
[2023.03.25-05.17.18:811][  0]LogAssetRegistry: FAssetRegistry took 0.0043 seconds to start up
[2023.03.25-05.17.19:088][  0]LogInit: Selected Device Profile: [Windows]
[2023.03.25-05.17.19:088][  0]LogInit: Active device profile: [00000174D7D82B00][00000174CC36FBC0 49] Windows
[2023.03.25-05.17.19:088][  0]LogInit: Profiles: [00000174D7D82B00][00000174CC36FBC0 49] Windows, [00000174D7D22300][00000174D51C21C0 49] WindowsNoEditor, [00000174D7D81E00][00000174D51C6340 49] WindowsServer, [00000174D7D22F00][00000174D51CA4C0 49] WindowsClient, [00000174D7D82800][00000174D51DA640 49] IOS, [00000174D7D22500][00000174D51DE7C0 49] iPadAir, [00000174D7D80700][00000174CCD4A940 49] iPadAir2, [00000174D7CC1A00][00000174CCD54B80 49] IPadPro, [00000174D7CC1B00][00000174CCD2ABC0 49] iPadAir3, [00000174D7D23700][00000174CCD5ED00 49] iPadAir4, [00000174D7CC2A00][00000174D7B98E80 49] iPadMini2, [00000174D7D20C00][00000174D7B9D000 49] iPadMini3, [00000174D7CC0B00][00000174CC357180 49] iPadMini4, [00000174D7D23800][00000174D77A3300 49] iPadMini5, [00000174D7D01300][00000174CC3535C0 49] iPhone6, [00000174D7D01400][00000174D77A7600 49] iPodTouch6, [00000174D7D81700][00000174D7BA18C0 49] iPhone7, [00000174D7D81500][00000174D75FD900 49] iPodTouch7, [00000174D7CC0E00][00000174D7BA5A80 49] iPhone5S, [00000174D7D83F00][00000174D7BA9C00 49] iPhone6Plus, [00000174D7CC3D00][00000174D7BAC200 49] iPhone6S, [00000174D7D81A00][00000174D7BB0380 49] iPhone6SPlus, [00000174D7D81400][00000174D7BB4500 49] iPhone7Plus, [00000174D7D00700][00000174D7BB8680 49] iPhoneSE, [00000174D7D80E00][00000174D7BBC800 49] iPhone8, [00000174D7D00D00][00000174CC6BC980 49] iPhone8Plus, [00000174D7D01A00][00000174CC6C0B00 49] iPhoneX, [00000174D7CC3300][00000174D7B94C40 49] iPhoneXS, [00000174D7D02300][00000174CC6C4D80 49] iPhoneXSMax, [00000174D7CC2800][00000174CC6C8EC0 49] iPhoneXR, [00000174D7D01500][00000174CC6D1040 49] iPhone11, [00000174D7CC3700][00000174CC6D51C0 49] iPhone11Pro, [00000174D7D03100][00000174CC6D9340 49] iPhone11ProMax, [00000174D7CC0500][00000174CC6DD4C0 49] iPhoneSE2, [00000174D7D02B00][00000174CC6E1640 49] iPhone12Mini, [00000174D7CC2E00][00000174D76B97C0 49] iPhone12, [00000174D7D03400][00000174D76BD940 49] iPhone12Pro, [00000174D7D83B00][00000174D76C1AC0 49] iPhone12ProMax, [00000174D7D00500][00000174D76C40C0 49] iPadPro105, [00000174D7D83300][00000174D76C8240 49] iPadPro129, [00000174D7D02A00][00000174D76CC3C0 49] iPadPro97, [00000174D7D81200][00000174D76D0540 49] iPadPro2_129, [00000174D7D03200][00000174D76D46C0 49] iPad5, [00000174D7D80100][00000174D76D8840 49] iPad6, [00000174D7D01600][00000174D76DC9C0 49] iPad7, [00000174D7D81D00][00000174D76E0B40 49] iPad8, [00000174D7D01900][00000174D76E4CC0 49] iPadPro11, [00000174D7D83000][00000174CC6CCE00 49] iPadPro2_11, [00000174D7D00A00][00000174D76E8F40 49] iPadPro3_129, [00000174D7D81100][00000174D76ED080 49] iPadPro4_129, [00000174D7D03000][00000174D76F11C0 49] AppleTV, [00000174D7D80200][00000174D8CA3340 49] AppleTV4K, [00000174D7D01C00][00000174D8CA74C0 49] TVOS, [00000174D7D81800][00000174D8CAB640 49] Mac, [00000174D7D00300][00000174D8CAF7C0 49] MacClient, [00000174D7D81000][00000174D8CB3940 49] MacNoEditor, [00000174D7D01F00][00000174D8CB7AC0 49] MacServer, [00000174D7D80B00][00000174D8CBA0C0 49] Linux, [00000174D7D01000][00000174D8CBE240 49] LinuxAArch64, [00000174D7D83400][00000174D8CC23C0 49] LinuxNoEditor, [00000174D7D02700][00000174D8CC6540 49] LinuxAArch64NoEditor, [00000174D7D80D00][00000174D8CCA6C0 49] LinuxClient, [00000174D7D03B00][00000174D8CCE840 49] LinuxAArch64Client, [00000174D7D81C00][00000174D8CD29C0 49] LinuxServer, [00000174D7D03800][00000174D8CD6B40 49] LinuxAArch64Server, [00000174D7D80A00][00000174D74C4CC0 49] Android, [00000174D7D00E00][00000174D74C8E40 49] Android_Low, [00000174D7D80800][00000174D8C9EF80 49] Android_Mid, [00000174D7D02400][00000174D74CD0C0 49] Android_High, [00000174D7D83900][00000174D74D1200 49] Android_Default, [00000174D7D03900][00000174D74D5340 49] Android_Adreno4xx, [00000174D7D82A00][00000174D74DD4C0 49] Android_Adreno5xx_Low, [00000174D7D02600][00000174D74E1640 49] Android_Adreno5xx, [00000174D7D83600][00000174D74E57C0 49] Android_Adreno6xx, [00000174D7D02000][00000174D74E9940 49] Android_Adreno6xx_Vulkan, [00000174D7D82D00][00000174D74EDAC0 49] Android_Mali_T6xx, [00000174D7D03300][00000174D74F00C0 49] Android_Mali_T7xx, [00000174D7D80500][00000174D74F4240 49] Android_Mali_T8xx, [00000174D7D00600][00000174D74F83C0 49] Android_Mali_G71, [00000174D7D83C00][00000174D74FC540 49] Android_Mali_G72, [00000174D7D03C00][00000174D8BF06C0 49] Android_Mali_G72_Vulkan, [00000174D7CC2100][00000174D8BF4840 49] Android_Mali_G76, [00000174D7D22200][00000174D8BF89C0 49] Android_Mali_G76_Vulkan, [00000174D7CC2300][00000174D8BFCB40 49] Android_Mali_G77, [00000174D7D20200][00000174D8C00CC0 49] Android_Mali_G77_Vulkan, [00000174D7CC1500][00000174D8C04E40 49] Android_Mali_G78, [00000174D7D22700][00000174D8C08FC0 49] Android_Mali_G78_Vulkan, [00000174D7CC1400][00000174D8C0D140 49] Android_Mali_G710, [00000174D7D20F00][00000174D74D9280 49] Android_Mali_G710_Vulkan, [00000174D7CC1300][00000174D8C113C0 49] Android_Vulkan_SM5, [00000174D7D22800][00000174D8C15500 49] Android_PowerVR_G6xxx, [00000174D7CC3C00][00000174D8C1D680 49] Android_PowerVR_GT7xxx, [00000174D7D21D00][00000174D8C21800 49] Android_PowerVR_GE8xxx, [00000174D7CC3800][00000174D8C25980 49] Android_PowerVR_GM9xxx, [00000174D7D20400][00000174D8C29B00 49] Android_PowerVR_GM9xxx_Vulkan, [00000174D7CC0600][00000174D8C2C100 49] Android_TegraK1, [00000174D7D20B00][00000174D8C30280 49] Android_Unknown_Vulkan, [00000174D7CC0300][00000174D8C34400 49] Lumin, [00000174D7D21700][00000174D8C38580 49] Lumin_Desktop, [00000174D7CC1C00][00000174D8C3C700 49] HoloLens, 
[2023.03.25-05.17.19:242][  0]LogMeshReduction: Using QuadricMeshReduction for automatic static mesh reduction
[2023.03.25-05.17.19:242][  0]LogMeshReduction: Using SimplygonMeshReduction for automatic skeletal mesh reduction
[2023.03.25-05.17.19:242][  0]LogMeshReduction: Using ProxyLODMeshReduction for automatic mesh merging
[2023.03.25-05.17.19:242][  0]LogMeshReduction: No distributed automatic mesh merging module available
[2023.03.25-05.17.19:242][  0]LogMeshMerging: No distributed automatic mesh merging module available
[2023.03.25-05.17.19:259][  0]LogNetVersion: GraveTalesoftheUrsus 1.0.0, NetCL: 17155196, EngineNetVer: 17, GameNetVer: 0 (Checksum: 2672176242)
[2023.03.25-05.17.19:724][  0]LogTexture: Default maximum texture size for cubemaps generated from long-lat sources has been changed from 512 to unlimited. In order to preserve old behaiour for '/Engine/MapTemplates/Sky/DaylightAmbientCubemap.DaylightAmbientCubemap', its maximum texture size has been explicitly set to 512.
[2023.03.25-05.17.19:791][  0]LogHMD: PokeAHoleMaterial loaded successfully
[2023.03.25-05.17.19:798][  0]LogUObjectArray: 17178 objects as part of root set at end of initial load.
[2023.03.25-05.17.19:798][  0]LogUObjectAllocator: 4302048 out of 0 bytes used by permanent object pool.
[2023.03.25-05.17.19:798][  0]LogUObjectArray: CloseDisregardForGC: 0/0 objects in disregard for GC pool
[2023.03.25-05.17.20:119][  0]LogNiagaraDebuggerClient: Niagara Debugger Client Initialized | Session: 3111E1844DD5C9AEF7FAE596EC909940 | Instance: 518503584B91D13866A3D8BAF0FCC88B (PORKBUNS-8520).
[2023.03.25-05.17.20:161][  0]LogPython: Using Python 3.7.7
[2023.03.25-05.17.20:768][  0]LogTcpMessaging: Initializing TcpMessaging bridge
[2023.03.25-05.17.20:773][  0]LogUdpMessaging: Initializing bridge on interface 0.0.0.0:0 to multicast group 230.0.0.1:6666.
[2023.03.25-05.17.21:138][  0]SourceControl: Source control is disabled
[2023.03.25-05.17.21:138][  0]SourceControl: Source control is disabled
[2023.03.25-05.17.21:142][  0]SourceControl: Source control is disabled
[2023.03.25-05.17.21:152][  0]SourceControl: Source control is disabled
[2023.03.25-05.17.21:155][  0]SourceControl: Source control is disabled
[2023.03.25-05.17.21:163][  0]LogUProjectInfo: Found projects:
[2023.03.25-05.17.21:172][  0]LogVSAccessor: Display: Unable to create Visual Studio setup instance: 80040154
[2023.03.25-05.17.21:173][  0]LogVSAccessor: Display: Unable to create Visual Studio setup instance: 80040154
[2023.03.25-05.17.21:174][  0]LogVSAccessor: Display: Unable to create Visual Studio setup instance: 80040154
[2023.03.25-05.17.21:225][  0]LogOpenImageDenoise: OIDN starting up
[2023.03.25-05.17.21:287][  0]LogAndroidPermission: UAndroidPermissionCallbackProxy::GetInstance
[2023.03.25-05.17.21:310][  0]LogAudioCaptureCore: Display: No Audio Capture implementations found. Audio input will be silent.
[2023.03.25-05.17.21:310][  0]LogAudioCaptureCore: Display: No Audio Capture implementations found. Audio input will be silent.
[2023.03.25-05.17.21:454][  0]LogCollectionManager: Loaded 0 collections in 0.001896 seconds
[2023.03.25-05.17.21:482][  0]LogFileCache: Scanning file cache for directory 'C:/Users/Kewan/Github/GraveTalesoftheUrsus/GraveTalesoftheUrsus/Saved/Collections/' took 0.00s
[2023.03.25-05.17.21:482][  0]LogFileCache: Scanning file cache for directory 'C:/Users/Kewan/Github/GraveTalesoftheUrsus/GraveTalesoftheUrsus/Content/Developers/Kewan/Collections/' took 0.00s
[2023.03.25-05.17.21:482][  0]LogFileCache: Scanning file cache for directory 'C:/Users/Kewan/Github/GraveTalesoftheUrsus/GraveTalesoftheUrsus/Content/Collections/' took 0.00s
[2023.03.25-05.17.21:482][  0]LogOcInput: OculusInput pre-init called
[2023.03.25-05.17.21:848][  0]LogEngine: Initializing Engine...
[2023.03.25-05.17.21:927][  0]LogHMD: Failed to enumerate extensions. Please check that you have a valid OpenXR runtime installed.
[2023.03.25-05.17.21:927][  0]LogHMD: Failed to initialize OpenVR with code 110
[2023.03.25-05.17.21:927][  0]LogMagicLeap: Warning: VR disabled because ZI is not enabled.  To enable, in the editor, Edit -> Project Settings -> Plugins -> Magic Leap Plugin -> Enable Zero Iteration
[2023.03.25-05.17.21:928][  0]LogStats: UGameplayTagsManager::InitializeManager -  0.000 s
[2023.03.25-05.17.22:082][  0]LogInit: Initializing FReadOnlyCVARCache
[2023.03.25-05.17.22:092][  0]LogAIModule: Creating AISystem for world Untitled
[2023.03.25-05.17.22:093][  0]LogAudio: Display: Initializing Audio Device Manager...
[2023.03.25-05.17.22:097][  0]LogAudio: Display: Loading Default Audio Settings Objects...
[2023.03.25-05.17.22:098][  0]LogAudio: Display: No default SoundConcurrencyObject specified (or failed to load).
[2023.03.25-05.17.22:098][  0]LogAudio: Display: Audio Device Manager Initialized
[2023.03.25-05.17.22:098][  0]LogAudio: Display: Creating Audio Device:                 Id: 1, Scope: Shared, Realtime: True
[2023.03.25-05.17.22:098][  0]LogAudioMixer: Display: Audio Mixer Platform Settings:
[2023.03.25-05.17.22:098][  0]LogAudioMixer: Display: 	Sample Rate:						  48000
[2023.03.25-05.17.22:098][  0]LogAudioMixer: Display: 	Callback Buffer Frame Size Requested: 1024
[2023.03.25-05.17.22:098][  0]LogAudioMixer: Display: 	Callback Buffer Frame Size To Use:	  1024
[2023.03.25-05.17.22:098][  0]LogAudioMixer: Display: 	Number of buffers to queue:			  2
[2023.03.25-05.17.22:098][  0]LogAudioMixer: Display: 	Max Channels (voices):				  32
[2023.03.25-05.17.22:098][  0]LogAudioMixer: Display: 	Number of Async Source Workers:		  0
[2023.03.25-05.17.22:098][  0]LogAudio: Display: AudioDevice MaxSources: 32
[2023.03.25-05.17.22:099][  0]LogAudio: Display: Audio Spatialization Plugin: None (built-in).
[2023.03.25-05.17.22:099][  0]LogAudio: Display: Audio Reverb Plugin: None (built-in).
[2023.03.25-05.17.22:099][  0]LogAudio: Display: Audio Occlusion Plugin: None (built-in).
[2023.03.25-05.17.22:099][  0]LogAudioMixer: Display: Initializing audio mixer.
[2023.03.25-05.17.22:117][  0]LogAudioMixer: Display: 0: FrontLeft
[2023.03.25-05.17.22:117][  0]LogAudioMixer: Display: 1: FrontRight
[2023.03.25-05.17.22:562][  0]LogAudioMixer: Display: Using Audio Device Speakers (Intel® Smart Sound Technology for MIPI SoundWire® Audio)
[2023.03.25-05.17.22:567][  0]LogAudioMixer: Display: Initializing Sound Submixes...
[2023.03.25-05.17.22:570][  0]LogAudioMixer: Display: Creating Master Submix 'MasterSubmixDefault'
[2023.03.25-05.17.22:570][  0]LogAudioMixer: Display: Creating Master Submix 'MasterReverbSubmixDefault'
[2023.03.25-05.17.22:572][  0]LogAudioMixer: Display: Creating Master Submix 'MasterEQSubmixDefault'
[2023.03.25-05.17.22:572][  0]LogAudioMixer: FMixerPlatformXAudio2::StartAudioStream() called
[2023.03.25-05.17.22:572][  0]LogAudioMixer: Display: Output buffers initialized: Frames=1024, Channels=2, Samples=2048
[2023.03.25-05.17.22:573][  0]LogAudioMixer: Display: Starting AudioMixerPlatformInterface::RunInternal()
[2023.03.25-05.17.22:573][  0]LogAudioMixer: Display: FMixerPlatformXAudio2::SubmitBuffer() called for the first time
[2023.03.25-05.17.22:573][  0]LogInit: FAudioDevice initialized.
[2023.03.25-05.17.22:574][  0]LogAudio: Display: Audio Device (ID: 1) registered with world 'Untitled'.
[2023.03.25-05.17.22:574][  0]LogNetVersion: Set ProjectVersion to 1.0.0.0. Version Checksum will be recalculated on next use.
[2023.03.25-05.17.22:641][  0]LogDerivedDataCache: Saved boot cache 0.07s 94MB C:/Users/Kewan/AppData/Local/UnrealEngine/4.27/DerivedDataCache/Boot.ddc.
[2023.03.25-05.17.22:644][  0]LogInit: Texture streaming: Enabled
[2023.03.25-05.17.22:659][  0]LogAnalytics: Display: [UEEditor.Rocket.Release] APIServer = https://datarouter.ol.epicgames.com/. AppVersion = 4.27.2-18319896+++UE4+Release-4.27
[2023.03.25-05.17.22:663][  0]LogEngineSessionManager: EngineSessionManager initialized
[2023.03.25-05.17.22:663][  0]LogEditorSessionSummary: Verbose: Initializing EditorSessionSummaryWriter for editor session tracking
[2023.03.25-05.17.22:665][  0]LogEditorSessionSummary: EditorSessionSummaryWriter initialized
[2023.03.25-05.17.22:696][  0]LogInit: Transaction tracking system initialized
[2023.03.25-05.17.22:721][  0]BlueprintLog: New page: Editor Load
[2023.03.25-05.17.22:802][  0]LocalizationService: Localization service is disabled
[2023.03.25-05.17.22:837][  0]TimingProfiler: Initialize
[2023.03.25-05.17.22:837][  0]TimingProfiler: OnSessionChanged
[2023.03.25-05.17.22:837][  0]LoadingProfiler: Initialize
[2023.03.25-05.17.22:837][  0]LoadingProfiler: OnSessionChanged
[2023.03.25-05.17.22:837][  0]NetworkingProfiler: Initialize
[2023.03.25-05.17.22:837][  0]NetworkingProfiler: OnSessionChanged
[2023.03.25-05.17.22:837][  0]MemoryProfiler: Initialize
[2023.03.25-05.17.22:837][  0]MemoryProfiler: OnSessionChanged
[2023.03.25-05.17.22:911][  0]LogVSAccessor: Display: Unable to create Visual Studio setup instance: 80040154
[2023.03.25-05.17.22:912][  0]LogVSAccessor: Display: Unable to create Visual Studio setup instance: 80040154
[2023.03.25-05.17.22:914][  0]LogVSAccessor: Display: Unable to create Visual Studio setup instance: 80040154
[2023.03.25-05.17.23:030][  0]LogCook: Display: CookSettings for Memory: MemoryMaxUsedVirtual 0MiB, MemoryMaxUsedPhysical 16384MiB, MemoryMinFreeVirtual 0MiB, MemoryMinFreePhysical 1024MiB
[2023.03.25-05.17.23:030][  0]LogCook: Display: Mobile HDR setting 1
[2023.03.25-05.17.23:286][  0]LogFileCache: Scanning file cache for directory 'C:/Users/Kewan/Github/GraveTalesoftheUrsus/GraveTalesoftheUrsus/Content/' took 0.01s
[2023.03.25-05.17.23:570][  0]LogInit: Display: Engine is initialized. Leaving FEngineLoop::Init()
[2023.03.25-05.17.23:574][  0]SourceControl: Source control is disabled
[2023.03.25-05.17.23:574][  0]LogUnrealEdMisc: Loading editor; pre map load, took 8.720
[2023.03.25-05.17.23:574][  0]Cmd: MAP LOAD FILE="../../../../../../Users/Kewan/Github/GraveTalesoftheUrsus/GraveTalesoftheUrsus/Content/ThirdPersonBP/Maps/ThirdPersonExampleMap.umap" TEMPLATE=0 SHOWPROGRESS=1 FEATURELEVEL=3
[2023.03.25-05.17.23:575][  0]LightingResults: New page: Lighting Build
[2023.03.25-05.17.23:576][  0]LogWorld: UWorld::CleanupWorld for Untitled, bSessionEnded=true, bCleanupResources=true
[2023.03.25-05.17.23:576][  0]LogSlate: InvalidateAllWidgets triggered.  All widgets were invalidated
[2023.03.25-05.17.23:577][  0]MapCheck: New page: Map Check
[2023.03.25-05.17.23:577][  0]LightingResults: New page: Lighting Build
[2023.03.25-05.17.23:583][  0]LogAudio: Display: Audio Device unregistered from world 'None'.
[2023.03.25-05.17.23:587][  0]LogUObjectHash: Compacting FUObjectHashTables data took   1.08ms
[2023.03.25-05.17.24:658][  0]LogAudio: Display: Audio Device (ID: 1) registered with world 'ThirdPersonExampleMap'.
[2023.03.25-05.17.24:659][  0]LogAIModule: Creating AISystem for world ThirdPersonExampleMap
[2023.03.25-05.17.24:667][  0]LogEditorServer: Finished looking for orphan Actors (0.000 secs)
[2023.03.25-05.17.24:694][  0]LogUObjectHash: Compacting FUObjectHashTables data took   0.92ms
[2023.03.25-05.17.24:694][  0]Cmd: MAP CHECKDEP NOCLEARLOG
[2023.03.25-05.17.24:694][  0]MapCheck: Map check complete: 0 Error(s), 0 Warning(s), took 0.174ms to complete.
[2023.03.25-05.17.24:694][  0]LogFileHelpers: Loading map 'ThirdPersonExampleMap' took 1.120
[2023.03.25-05.17.24:696][  0]LogUnrealEdMisc: Total Editor Startup Time, took 9.843
[2023.03.25-05.17.24:861][  0]LogSlate: Updating window title bar state: overlay mode, drag disabled, window buttons hidden, title bar hidden
[2023.03.25-05.17.24:867][  0]LogSlate: Updating window title bar state: overlay mode, drag disabled, window buttons hidden, title bar hidden
[2023.03.25-05.17.24:874][  0]LogSlate: Updating window title bar state: overlay mode, drag disabled, window buttons hidden, title bar hidden
[2023.03.25-05.17.24:879][  0]LogSlate: Updating window title bar state: overlay mode, drag disabled, window buttons hidden, title bar hidden
[2023.03.25-05.17.24:899][  0]LogNativeClassHierarchy: Verbose: Native class hierarchy populated in 0.0093 seconds. Added 3822 classes and 928 folders.
[2023.03.25-05.17.24:902][  0]LogNativeClassHierarchy: Verbose: Native class hierarchy updated for 'WidgetCarousel' in 0.0003 seconds. Added 0 classes and 0 folders.
[2023.03.25-05.17.24:911][  0]LogPakFile: PakFile PrimaryIndexSize=187
[2023.03.25-05.17.24:911][  0]LogPakFile: PakFile PathHashIndexSize=101
[2023.03.25-05.17.24:911][  0]LogPakFile: PakFile FullDirectoryIndexSize=148
[2023.03.25-05.17.24:911][  0]LogShaderLibrary: Display: ShaderCodeLibraryPakFileMountedCallback: PakFile 'C:/Program Files/Epic Games/UE_4.27/FeaturePacks/FP_FirstPerson.upack' (chunk index -1, root 'root:/') mounted
[2023.03.25-05.17.24:911][  0]LogShaderLibrary: Display: ShaderCodeLibraryPakFileMountedCallback: pending pak file info (ChunkID:-1 Root:root:/ File:C:/Program Files/Epic Games/UE_4.27/FeaturePacks/FP_FirstPerson.upack)
[2023.03.25-05.17.24:911][  0]LogPakFile: OnPakFileMounted2Time == 0.000064
[2023.03.25-05.17.24:921][  0]LogPakFile: PakFile PrimaryIndexSize=189
[2023.03.25-05.17.24:921][  0]LogPakFile: PakFile PathHashIndexSize=101
[2023.03.25-05.17.24:921][  0]LogPakFile: PakFile FullDirectoryIndexSize=152
[2023.03.25-05.17.24:921][  0]LogShaderLibrary: Display: ShaderCodeLibraryPakFileMountedCallback: PakFile 'C:/Program Files/Epic Games/UE_4.27/FeaturePacks/FP_FirstPersonBP.upack' (chunk index -1, root 'root:/') mounted
[2023.03.25-05.17.24:921][  0]LogShaderLibrary: Display: ShaderCodeLibraryPakFileMountedCallback: pending pak file info (ChunkID:-1 Root:root:/ File:C:/Program Files/Epic Games/UE_4.27/FeaturePacks/FP_FirstPersonBP.upack)
[2023.03.25-05.17.24:921][  0]LogPakFile: OnPakFileMounted2Time == 0.000049
[2023.03.25-05.17.24:926][  0]LogPakFile: PakFile PrimaryIndexSize=191
[2023.03.25-05.17.24:926][  0]LogPakFile: PakFile PathHashIndexSize=101
[2023.03.25-05.17.24:926][  0]LogPakFile: PakFile FullDirectoryIndexSize=160
[2023.03.25-05.17.24:926][  0]LogShaderLibrary: Display: ShaderCodeLibraryPakFileMountedCallback: PakFile 'C:/Program Files/Epic Games/UE_4.27/FeaturePacks/MobileStarterContent.upack' (chunk index -1, root 'root:/') mounted
[2023.03.25-05.17.24:926][  0]LogShaderLibrary: Display: ShaderCodeLibraryPakFileMountedCallback: pending pak file info (ChunkID:-1 Root:root:/ File:C:/Program Files/Epic Games/UE_4.27/FeaturePacks/MobileStarterContent.upack)
[2023.03.25-05.17.24:926][  0]LogPakFile: OnPakFileMounted2Time == 0.000042
[2023.03.25-05.17.24:932][  0]LogPakFile: PakFile PrimaryIndexSize=185
[2023.03.25-05.17.24:932][  0]LogPakFile: PakFile PathHashIndexSize=101
[2023.03.25-05.17.24:932][  0]LogPakFile: PakFile FullDirectoryIndexSize=148
[2023.03.25-05.17.24:932][  0]LogShaderLibrary: Display: ShaderCodeLibraryPakFileMountedCallback: PakFile 'C:/Program Files/Epic Games/UE_4.27/FeaturePacks/StarterContent.upack' (chunk index -1, root 'root:/') mounted
[2023.03.25-05.17.24:932][  0]LogShaderLibrary: Display: ShaderCodeLibraryPakFileMountedCallback: pending pak file info (ChunkID:-1 Root:root:/ File:C:/Program Files/Epic Games/UE_4.27/FeaturePacks/StarterContent.upack)
[2023.03.25-05.17.24:932][  0]LogPakFile: OnPakFileMounted2Time == 0.000046
[2023.03.25-05.17.24:937][  0]LogPakFile: PakFile PrimaryIndexSize=190
[2023.03.25-05.17.24:937][  0]LogPakFile: PakFile PathHashIndexSize=101
[2023.03.25-05.17.24:937][  0]LogPakFile: PakFile FullDirectoryIndexSize=154
[2023.03.25-05.17.24:937][  0]LogShaderLibrary: Display: ShaderCodeLibraryPakFileMountedCallback: PakFile 'C:/Program Files/Epic Games/UE_4.27/FeaturePacks/TP_2DSideScroller.upack' (chunk index -1, root 'root:/') mounted
[2023.03.25-05.17.24:937][  0]LogShaderLibrary: Display: ShaderCodeLibraryPakFileMountedCallback: pending pak file info (ChunkID:-1 Root:root:/ File:C:/Program Files/Epic Games/UE_4.27/FeaturePacks/TP_2DSideScroller.upack)
[2023.03.25-05.17.24:937][  0]LogPakFile: OnPakFileMounted2Time == 0.000044
[2023.03.25-05.17.24:944][  0]LogPakFile: PakFile PrimaryIndexSize=192
[2023.03.25-05.17.24:944][  0]LogPakFile: PakFile PathHashIndexSize=101
[2023.03.25-05.17.24:944][  0]LogPakFile: PakFile FullDirectoryIndexSize=158
[2023.03.25-05.17.24:944][  0]LogShaderLibrary: Display: ShaderCodeLibraryPakFileMountedCallback: PakFile 'C:/Program Files/Epic Games/UE_4.27/FeaturePacks/TP_2DSideScrollerBP.upack' (chunk index -1, root 'root:/') mounted
[2023.03.25-05.17.24:944][  0]LogShaderLibrary: Display: ShaderCodeLibraryPakFileMountedCallback: pending pak file info (ChunkID:-1 Root:root:/ File:C:/Program Files/Epic Games/UE_4.27/FeaturePacks/TP_2DSideScrollerBP.upack)
[2023.03.25-05.17.24:944][  0]LogPakFile: OnPakFileMounted2Time == 0.000040
[2023.03.25-05.17.24:949][  0]LogPakFile: PakFile PrimaryIndexSize=182
[2023.03.25-05.17.24:949][  0]LogPakFile: PakFile PathHashIndexSize=101
[2023.03.25-05.17.24:949][  0]LogPakFile: PakFile FullDirectoryIndexSize=138
[2023.03.25-05.17.24:949][  0]LogShaderLibrary: Display: ShaderCodeLibraryPakFileMountedCallback: PakFile 'C:/Program Files/Epic Games/UE_4.27/FeaturePacks/TP_Flying.upack' (chunk index -1, root 'root:/') mounted
[2023.03.25-05.17.24:949][  0]LogShaderLibrary: Display: ShaderCodeLibraryPakFileMountedCallback: pending pak file info (ChunkID:-1 Root:root:/ File:C:/Program Files/Epic Games/UE_4.27/FeaturePacks/TP_Flying.upack)
[2023.03.25-05.17.24:949][  0]LogPakFile: OnPakFileMounted2Time == 0.000050
[2023.03.25-05.17.24:955][  0]LogPakFile: PakFile PrimaryIndexSize=184
[2023.03.25-05.17.24:955][  0]LogPakFile: PakFile PathHashIndexSize=101
[2023.03.25-05.17.24:955][  0]LogPakFile: PakFile FullDirectoryIndexSize=142
[2023.03.25-05.17.24:955][  0]LogShaderLibrary: Display: ShaderCodeLibraryPakFileMountedCallback: PakFile 'C:/Program Files/Epic Games/UE_4.27/FeaturePacks/TP_FlyingBP.upack' (chunk index -1, root 'root:/') mounted
[2023.03.25-05.17.24:956][  0]LogShaderLibrary: Display: ShaderCodeLibraryPakFileMountedCallback: pending pak file info (ChunkID:-1 Root:root:/ File:C:/Program Files/Epic Games/UE_4.27/FeaturePacks/TP_FlyingBP.upack)
[2023.03.25-05.17.24:956][  0]LogPakFile: OnPakFileMounted2Time == 0.000095
[2023.03.25-05.17.24:961][  0]LogPakFile: PakFile PrimaryIndexSize=188
[2023.03.25-05.17.24:961][  0]LogPakFile: PakFile PathHashIndexSize=101
[2023.03.25-05.17.24:961][  0]LogPakFile: PakFile FullDirectoryIndexSize=150
[2023.03.25-05.17.24:961][  0]LogShaderLibrary: Display: ShaderCodeLibraryPakFileMountedCallback: PakFile 'C:/Program Files/Epic Games/UE_4.27/FeaturePacks/TP_HandheldARBP.upack' (chunk index -1, root 'root:/') mounted
[2023.03.25-05.17.24:961][  0]LogShaderLibrary: Display: ShaderCodeLibraryPakFileMountedCallback: pending pak file info (ChunkID:-1 Root:root:/ File:C:/Program Files/Epic Games/UE_4.27/FeaturePacks/TP_HandheldARBP.upack)
[2023.03.25-05.17.24:961][  0]LogPakFile: OnPakFileMounted2Time == 0.000038
[2023.03.25-05.17.24:967][  0]LogPakFile: PakFile PrimaryIndexSize=182
[2023.03.25-05.17.24:967][  0]LogPakFile: PakFile PathHashIndexSize=101
[2023.03.25-05.17.24:967][  0]LogPakFile: PakFile FullDirectoryIndexSize=138
[2023.03.25-05.17.24:967][  0]LogShaderLibrary: Display: ShaderCodeLibraryPakFileMountedCallback: PakFile 'C:/Program Files/Epic Games/UE_4.27/FeaturePacks/TP_Puzzle.upack' (chunk index -1, root 'root:/') mounted
[2023.03.25-05.17.24:967][  0]LogShaderLibrary: Display: ShaderCodeLibraryPakFileMountedCallback: pending pak file info (ChunkID:-1 Root:root:/ File:C:/Program Files/Epic Games/UE_4.27/FeaturePacks/TP_Puzzle.upack)
[2023.03.25-05.17.24:967][  0]LogPakFile: OnPakFileMounted2Time == 0.000045
[2023.03.25-05.17.24:973][  0]LogPakFile: PakFile PrimaryIndexSize=184
[2023.03.25-05.17.24:973][  0]LogPakFile: PakFile PathHashIndexSize=101
[2023.03.25-05.17.24:973][  0]LogPakFile: PakFile FullDirectoryIndexSize=142
[2023.03.25-05.17.24:973][  0]LogShaderLibrary: Display: ShaderCodeLibraryPakFileMountedCallback: PakFile 'C:/Program Files/Epic Games/UE_4.27/FeaturePacks/TP_PuzzleBP.upack' (chunk index -1, root 'root:/') mounted
[2023.03.25-05.17.24:973][  0]LogShaderLibrary: Display: ShaderCodeLibraryPakFileMountedCallback: pending pak file info (ChunkID:-1 Root:root:/ File:C:/Program Files/Epic Games/UE_4.27/FeaturePacks/TP_PuzzleBP.upack)
[2023.03.25-05.17.24:973][  0]LogPakFile: OnPakFileMounted2Time == 0.000043
[2023.03.25-05.17.24:978][  0]LogPakFile: PakFile PrimaryIndexSize=183
[2023.03.25-05.17.24:978][  0]LogPakFile: PakFile PathHashIndexSize=101
[2023.03.25-05.17.24:978][  0]LogPakFile: PakFile FullDirectoryIndexSize=140
[2023.03.25-05.17.24:978][  0]LogShaderLibrary: Display: ShaderCodeLibraryPakFileMountedCallback: PakFile 'C:/Program Files/Epic Games/UE_4.27/FeaturePacks/TP_Rolling.upack' (chunk index -1, root 'root:/') mounted
[2023.03.25-05.17.24:978][  0]LogShaderLibrary: Display: ShaderCodeLibraryPakFileMountedCallback: pending pak file info (ChunkID:-1 Root:root:/ File:C:/Program Files/Epic Games/UE_4.27/FeaturePacks/TP_Rolling.upack)
[2023.03.25-05.17.24:978][  0]LogPakFile: OnPakFileMounted2Time == 0.000040
[2023.03.25-05.17.24:983][  0]LogPakFile: PakFile PrimaryIndexSize=185
[2023.03.25-05.17.24:983][  0]LogPakFile: PakFile PathHashIndexSize=101
[2023.03.25-05.17.24:983][  0]LogPakFile: PakFile FullDirectoryIndexSize=144
[2023.03.25-05.17.24:983][  0]LogShaderLibrary: Display: ShaderCodeLibraryPakFileMountedCallback: PakFile 'C:/Program Files/Epic Games/UE_4.27/FeaturePacks/TP_RollingBP.upack' (chunk index -1, root 'root:/') mounted
[2023.03.25-05.17.24:983][  0]LogShaderLibrary: Display: ShaderCodeLibraryPakFileMountedCallback: pending pak file info (ChunkID:-1 Root:root:/ File:C:/Program Files/Epic Games/UE_4.27/FeaturePacks/TP_RollingBP.upack)
[2023.03.25-05.17.24:983][  0]LogPakFile: OnPakFileMounted2Time == 0.000043
[2023.03.25-05.17.24:989][  0]LogPakFile: PakFile PrimaryIndexSize=188
[2023.03.25-05.17.24:989][  0]LogPakFile: PakFile PathHashIndexSize=101
[2023.03.25-05.17.24:989][  0]LogPakFile: PakFile FullDirectoryIndexSize=150
[2023.03.25-05.17.24:989][  0]LogShaderLibrary: Display: ShaderCodeLibraryPakFileMountedCallback: PakFile 'C:/Program Files/Epic Games/UE_4.27/FeaturePacks/TP_SideScroller.upack' (chunk index -1, root 'root:/') mounted
[2023.03.25-05.17.24:989][  0]LogShaderLibrary: Display: ShaderCodeLibraryPakFileMountedCallback: pending pak file info (ChunkID:-1 Root:root:/ File:C:/Program Files/Epic Games/UE_4.27/FeaturePacks/TP_SideScroller.upack)
[2023.03.25-05.17.24:989][  0]LogPakFile: OnPakFileMounted2Time == 0.000043
[2023.03.25-05.17.24:995][  0]LogPakFile: PakFile PrimaryIndexSize=190
[2023.03.25-05.17.24:995][  0]LogPakFile: PakFile PathHashIndexSize=101
[2023.03.25-05.17.24:995][  0]LogPakFile: PakFile FullDirectoryIndexSize=154
[2023.03.25-05.17.24:995][  0]LogShaderLibrary: Display: ShaderCodeLibraryPakFileMountedCallback: PakFile 'C:/Program Files/Epic Games/UE_4.27/FeaturePacks/TP_SideScrollerBP.upack' (chunk index -1, root 'root:/') mounted
[2023.03.25-05.17.24:995][  0]LogShaderLibrary: Display: ShaderCodeLibraryPakFileMountedCallback: pending pak file info (ChunkID:-1 Root:root:/ File:C:/Program Files/Epic Games/UE_4.27/FeaturePacks/TP_SideScrollerBP.upack)
[2023.03.25-05.17.24:995][  0]LogPakFile: OnPakFileMounted2Time == 0.000039
[2023.03.25-05.17.25:002][  0]LogPakFile: PakFile PrimaryIndexSize=187
[2023.03.25-05.17.25:002][  0]LogPakFile: PakFile PathHashIndexSize=101
[2023.03.25-05.17.25:002][  0]LogPakFile: PakFile FullDirectoryIndexSize=148
[2023.03.25-05.17.25:002][  0]LogShaderLibrary: Display: ShaderCodeLibraryPakFileMountedCallback: PakFile 'C:/Program Files/Epic Games/UE_4.27/FeaturePacks/TP_ThirdPerson.upack' (chunk index -1, root 'root:/') mounted
[2023.03.25-05.17.25:002][  0]LogShaderLibrary: Display: ShaderCodeLibraryPakFileMountedCallback: pending pak file info (ChunkID:-1 Root:root:/ File:C:/Program Files/Epic Games/UE_4.27/FeaturePacks/TP_ThirdPerson.upack)
[2023.03.25-05.17.25:002][  0]LogPakFile: OnPakFileMounted2Time == 0.000043
[2023.03.25-05.17.25:008][  0]LogPakFile: PakFile PrimaryIndexSize=189
[2023.03.25-05.17.25:008][  0]LogPakFile: PakFile PathHashIndexSize=101
[2023.03.25-05.17.25:008][  0]LogPakFile: PakFile FullDirectoryIndexSize=152
[2023.03.25-05.17.25:008][  0]LogShaderLibrary: Display: ShaderCodeLibraryPakFileMountedCallback: PakFile 'C:/Program Files/Epic Games/UE_4.27/FeaturePacks/TP_ThirdPersonBP.upack' (chunk index -1, root 'root:/') mounted
[2023.03.25-05.17.25:008][  0]LogShaderLibrary: Display: ShaderCodeLibraryPakFileMountedCallback: pending pak file info (ChunkID:-1 Root:root:/ File:C:/Program Files/Epic Games/UE_4.27/FeaturePacks/TP_ThirdPersonBP.upack)
[2023.03.25-05.17.25:008][  0]LogPakFile: OnPakFileMounted2Time == 0.000043
[2023.03.25-05.17.25:015][  0]LogPakFile: PakFile PrimaryIndexSize=183
[2023.03.25-05.17.25:015][  0]LogPakFile: PakFile PathHashIndexSize=101
[2023.03.25-05.17.25:015][  0]LogPakFile: PakFile FullDirectoryIndexSize=140
[2023.03.25-05.17.25:015][  0]LogShaderLibrary: Display: ShaderCodeLibraryPakFileMountedCallback: PakFile 'C:/Program Files/Epic Games/UE_4.27/FeaturePacks/TP_TopDown.upack' (chunk index -1, root 'root:/') mounted
[2023.03.25-05.17.25:016][  0]LogShaderLibrary: Display: ShaderCodeLibraryPakFileMountedCallback: pending pak file info (ChunkID:-1 Root:root:/ File:C:/Program Files/Epic Games/UE_4.27/FeaturePacks/TP_TopDown.upack)
[2023.03.25-05.17.25:016][  0]LogPakFile: OnPakFileMounted2Time == 0.000059
[2023.03.25-05.17.25:022][  0]LogPakFile: PakFile PrimaryIndexSize=185
[2023.03.25-05.17.25:022][  0]LogPakFile: PakFile PathHashIndexSize=101
[2023.03.25-05.17.25:022][  0]LogPakFile: PakFile FullDirectoryIndexSize=144
[2023.03.25-05.17.25:022][  0]LogShaderLibrary: Display: ShaderCodeLibraryPakFileMountedCallback: PakFile 'C:/Program Files/Epic Games/UE_4.27/FeaturePacks/TP_TopDownBP.upack' (chunk index -1, root 'root:/') mounted
[2023.03.25-05.17.25:022][  0]LogShaderLibrary: Display: ShaderCodeLibraryPakFileMountedCallback: pending pak file info (ChunkID:-1 Root:root:/ File:C:/Program Files/Epic Games/UE_4.27/FeaturePacks/TP_TopDownBP.upack)
[2023.03.25-05.17.25:022][  0]LogPakFile: OnPakFileMounted2Time == 0.000042
[2023.03.25-05.17.25:034][  0]LogPakFile: PakFile PrimaryIndexSize=185
[2023.03.25-05.17.25:034][  0]LogPakFile: PakFile PathHashIndexSize=101
[2023.03.25-05.17.25:034][  0]LogPakFile: PakFile FullDirectoryIndexSize=144
[2023.03.25-05.17.25:034][  0]LogShaderLibrary: Display: ShaderCodeLibraryPakFileMountedCallback: PakFile 'C:/Program Files/Epic Games/UE_4.27/FeaturePacks/TP_TwinStick.upack' (chunk index -1, root 'root:/') mounted
[2023.03.25-05.17.25:034][  0]LogShaderLibrary: Display: ShaderCodeLibraryPakFileMountedCallback: pending pak file info (ChunkID:-1 Root:root:/ File:C:/Program Files/Epic Games/UE_4.27/FeaturePacks/TP_TwinStick.upack)
[2023.03.25-05.17.25:034][  0]LogPakFile: OnPakFileMounted2Time == 0.000074
[2023.03.25-05.17.25:041][  0]LogPakFile: PakFile PrimaryIndexSize=187
[2023.03.25-05.17.25:041][  0]LogPakFile: PakFile PathHashIndexSize=101
[2023.03.25-05.17.25:041][  0]LogPakFile: PakFile FullDirectoryIndexSize=148
[2023.03.25-05.17.25:041][  0]LogShaderLibrary: Display: ShaderCodeLibraryPakFileMountedCallback: PakFile 'C:/Program Files/Epic Games/UE_4.27/FeaturePacks/TP_TwinStickBP.upack' (chunk index -1, root 'root:/') mounted
[2023.03.25-05.17.25:041][  0]LogShaderLibrary: Display: ShaderCodeLibraryPakFileMountedCallback: pending pak file info (ChunkID:-1 Root:root:/ File:C:/Program Files/Epic Games/UE_4.27/FeaturePacks/TP_TwinStickBP.upack)
[2023.03.25-05.17.25:041][  0]LogPakFile: OnPakFileMounted2Time == 0.000043
[2023.03.25-05.17.25:049][  0]LogPakFile: PakFile PrimaryIndexSize=183
[2023.03.25-05.17.25:049][  0]LogPakFile: PakFile PathHashIndexSize=101
[2023.03.25-05.17.25:049][  0]LogPakFile: PakFile FullDirectoryIndexSize=140
[2023.03.25-05.17.25:049][  0]LogShaderLibrary: Display: ShaderCodeLibraryPakFileMountedCallback: PakFile 'C:/Program Files/Epic Games/UE_4.27/FeaturePacks/TP_Vehicle.upack' (chunk index -1, root 'root:/') mounted
[2023.03.25-05.17.25:049][  0]LogShaderLibrary: Display: ShaderCodeLibraryPakFileMountedCallback: pending pak file info (ChunkID:-1 Root:root:/ File:C:/Program Files/Epic Games/UE_4.27/FeaturePacks/TP_Vehicle.upack)
[2023.03.25-05.17.25:050][  0]LogPakFile: OnPakFileMounted2Time == 0.000048
[2023.03.25-05.17.25:057][  0]LogPakFile: PakFile PrimaryIndexSize=186
[2023.03.25-05.17.25:057][  0]LogPakFile: PakFile PathHashIndexSize=101
[2023.03.25-05.17.25:057][  0]LogPakFile: PakFile FullDirectoryIndexSize=146
[2023.03.25-05.17.25:057][  0]LogShaderLibrary: Display: ShaderCodeLibraryPakFileMountedCallback: PakFile 'C:/Program Files/Epic Games/UE_4.27/FeaturePacks/TP_VehicleAdv.upack' (chunk index -1, root 'root:/') mounted
[2023.03.25-05.17.25:057][  0]LogShaderLibrary: Display: ShaderCodeLibraryPakFileMountedCallback: pending pak file info (ChunkID:-1 Root:root:/ File:C:/Program Files/Epic Games/UE_4.27/FeaturePacks/TP_VehicleAdv.upack)
[2023.03.25-05.17.25:057][  0]LogPakFile: OnPakFileMounted2Time == 0.000043
[2023.03.25-05.17.25:063][  0]LogPakFile: PakFile PrimaryIndexSize=188
[2023.03.25-05.17.25:063][  0]LogPakFile: PakFile PathHashIndexSize=101
[2023.03.25-05.17.25:063][  0]LogPakFile: PakFile FullDirectoryIndexSize=150
[2023.03.25-05.17.25:063][  0]LogShaderLibrary: Display: ShaderCodeLibraryPakFileMountedCallback: PakFile 'C:/Program Files/Epic Games/UE_4.27/FeaturePacks/TP_VehicleAdvBP.upack' (chunk index -1, root 'root:/') mounted
[2023.03.25-05.17.25:063][  0]LogShaderLibrary: Display: ShaderCodeLibraryPakFileMountedCallback: pending pak file info (ChunkID:-1 Root:root:/ File:C:/Program Files/Epic Games/UE_4.27/FeaturePacks/TP_VehicleAdvBP.upack)
[2023.03.25-05.17.25:063][  0]LogPakFile: OnPakFileMounted2Time == 0.000053
[2023.03.25-05.17.25:072][  0]LogPakFile: PakFile PrimaryIndexSize=185
[2023.03.25-05.17.25:072][  0]LogPakFile: PakFile PathHashIndexSize=101
[2023.03.25-05.17.25:072][  0]LogPakFile: PakFile FullDirectoryIndexSize=144
[2023.03.25-05.17.25:072][  0]LogShaderLibrary: Display: ShaderCodeLibraryPakFileMountedCallback: PakFile 'C:/Program Files/Epic Games/UE_4.27/FeaturePacks/TP_VehicleBP.upack' (chunk index -1, root 'root:/') mounted
[2023.03.25-05.17.25:072][  0]LogShaderLibrary: Display: ShaderCodeLibraryPakFileMountedCallback: pending pak file info (ChunkID:-1 Root:root:/ File:C:/Program Files/Epic Games/UE_4.27/FeaturePacks/TP_VehicleBP.upack)
[2023.03.25-05.17.25:072][  0]LogPakFile: OnPakFileMounted2Time == 0.000046
[2023.03.25-05.17.25:081][  0]LogPakFile: PakFile PrimaryIndexSize=192
[2023.03.25-05.17.25:081][  0]LogPakFile: PakFile PathHashIndexSize=101
[2023.03.25-05.17.25:081][  0]LogPakFile: PakFile FullDirectoryIndexSize=158
[2023.03.25-05.17.25:081][  0]LogShaderLibrary: Display: ShaderCodeLibraryPakFileMountedCallback: PakFile 'C:/Program Files/Epic Games/UE_4.27/FeaturePacks/TP_VirtualRealityBP.upack' (chunk index -1, root 'root:/') mounted
[2023.03.25-05.17.25:081][  0]LogShaderLibrary: Display: ShaderCodeLibraryPakFileMountedCallback: pending pak file info (ChunkID:-1 Root:root:/ File:C:/Program Files/Epic Games/UE_4.27/FeaturePacks/TP_VirtualRealityBP.upack)
[2023.03.25-05.17.25:081][  0]LogPakFile: OnPakFileMounted2Time == 0.000044
[2023.03.25-05.17.25:279][  0]LogNativeClassHierarchy: Verbose: Native class hierarchy updated for 'AddContentDialog' in 0.0003 seconds. Added 0 classes and 0 folders.
[2023.03.25-05.17.25:279][  0]LogNativeClassHierarchy: Verbose: Native class hierarchy updated for 'SceneOutliner' in 0.0002 seconds. Added 2 classes and 0 folders.
[2023.03.25-05.17.25:328][  0]LogSlate: Took 0.000192 seconds to synchronously load lazily loaded font '../../../Engine/Content/Slate/Fonts/Roboto-Regular.ttf' (155K)
[2023.03.25-05.17.25:336][  0]LogSlate: Took 0.006821 seconds to synchronously load lazily loaded font '../../../Engine/Content/Editor/Slate/Fonts/FontAwesome.ttf' (139K)
[2023.03.25-05.17.25:337][  0]LogSlate: Took 0.000156 seconds to synchronously load lazily loaded font '../../../Engine/Content/Slate/Fonts/Roboto-Bold.ttf' (160K)
[2023.03.25-05.17.25:346][  0]LogSlate: Took 0.000327 seconds to synchronously load lazily loaded font '../../../Engine/Content/Slate/Fonts/Roboto-Light.ttf' (167K)
[2023.03.25-05.17.25:444][  0]LogSlate: Warning: Slate: Had to block on waiting for a draw buffer
[2023.03.25-05.17.25:470][  0]LogSlate: Warning: Slate: Had to block on waiting for a draw buffer
[2023.03.25-05.17.25:613][  0]LogRenderer: Reallocating scene render targets to support 948x440 Format 10 NumSamples 1 (Frame:1).
[2023.03.25-05.17.25:755][  0]LogNativeClassHierarchy: Verbose: Native class hierarchy updated for 'HierarchicalLODOutliner' in 0.0004 seconds. Added 0 classes and 0 folders.
[2023.03.25-05.17.25:755][  0]LogInput: Warning: Action Jump uses invalid key OculusGo_Left_Trigger_Click.
[2023.03.25-05.17.25:755][  0]LogInput: Warning: Action ResetVR uses invalid key OculusGo_Left_Trackpad_Click.
[2023.03.25-05.17.25:755][  0]LogInput: Warning: Use -RemoveInvalidKeys to remove instances of these keys from the action mapping.
[2023.03.25-05.17.25:755][  0]LogLoad: (Engine Initialization) Total time: 10.90 seconds
[2023.03.25-05.17.25:755][  0]LogLoad: (Engine Initialization) Total Blueprint compile time: 0.00 seconds
[2023.03.25-05.17.25:817][  0]LogAssetRegistry: Asset discovery search completed in 7.0079 seconds
[2023.03.25-05.17.25:824][  0]LogCollectionManager: Fixed up redirectors for 0 collections in 0.000005 seconds (updated 0 objects)
[2023.03.25-05.17.25:826][  0]LogContentStreaming: Texture pool size now 1000 MB
[2023.03.25-05.17.25:956][  0]LogEditorClassViewer: Warning: Class /Engine/Tutorial/InWorldBlueprintEditing/TutorialAssets/IWBE_Blutility.IWBE_Blutility_C has parent /Script/Blutility.PlacedEditorUtilityBase, but this parent is not found. The Class will not be shown in ClassViewer.
[2023.03.25-05.17.25:964][  0]LogSlate: Warning: Slate: Had to block on waiting for a draw buffer
[2023.03.25-05.17.26:469][  2]LogSlate: Took 0.000147 seconds to synchronously load lazily loaded font '../../../Engine/Content/Slate/Fonts/Roboto-Light.ttf' (167K)
[2023.03.25-05.17.31:508][ 94]LogAssetEditorSubsystem: Opening Asset editor for Blueprint /Game/AI/Ai_Controller_Tree/Boss_BP.Boss_BP
[2023.03.25-05.17.32:169][ 94]LogNativeClassHierarchy: Verbose: Native class hierarchy updated for 'BlueprintGraph' in 0.0004 seconds. Added 126 classes and 0 folders.
[2023.03.25-05.17.32:781][ 94]LogSlate: Took 0.000179 seconds to synchronously load lazily loaded font '../../../Engine/Content/Slate/Fonts/Roboto-BoldCondensed.ttf' (158K)
[2023.03.25-05.17.32:835][ 94]LogEditorClassViewer: Warning: Class /Engine/Tutorial/InWorldBlueprintEditing/TutorialAssets/IWBE_Blutility.IWBE_Blutility_C has parent /Script/Blutility.PlacedEditorUtilityBase, but this parent is not found. The Class will not be shown in ClassViewer.
[2023.03.25-05.17.32:838][ 94]LogSlate: Warning: Slate: Had to block on waiting for a draw buffer
[2023.03.25-05.17.32:967][ 95]LogSlate: Took 0.004283 seconds to synchronously load lazily loaded font '../../../Engine/Content/Slate/Fonts/Roboto-Italic.ttf' (157K)
[2023.03.25-05.17.33:003][ 95]LogEditorClassViewer: Warning: Class /Engine/Tutorial/InWorldBlueprintEditing/TutorialAssets/IWBE_Blutility.IWBE_Blutility_C has parent /Script/Blutility.PlacedEditorUtilityBase, but this parent is not found. The Class will not be shown in ClassViewer.
[2023.03.25-05.17.33:006][ 95]LogSlate: Warning: Slate: Had to block on waiting for a draw buffer
[2023.03.25-05.27.15:554][220]BlueprintLog: New page: Compile Boss_BP
[2023.03.25-05.27.15:606][220]LogUObjectHash: Compacting FUObjectHashTables data took   2.55ms
[2023.03.25-05.27.15:691][220]LogEditorClassViewer: Warning: Class /Engine/Tutorial/InWorldBlueprintEditing/TutorialAssets/IWBE_Blutility.IWBE_Blutility_C has parent /Script/Blutility.PlacedEditorUtilityBase, but this parent is not found. The Class will not be shown in ClassViewer.
[2023.03.25-05.27.15:694][220]LogSlate: Warning: Slate: Had to block on waiting for a draw buffer
[2023.03.25-05.27.15:736][220]LogSlate: Took 0.000569 seconds to synchronously load lazily loaded font '../../../Engine/Content/Slate/Fonts/DroidSansMono.ttf' (77K)
[2023.03.25-05.27.16:329][245]LogSavePackage: Moving '../../../../../../Users/Kewan/Github/GraveTalesoftheUrsus/GraveTalesoftheUrsus/Saved/Boss_BPF0A1405449F0864023204684FD1F3B1C.tmp' to '../../../../../../Users/Kewan/Github/GraveTalesoftheUrsus/GraveTalesoftheUrsus/Content/AI/Ai_Controller_Tree/Boss_BP.uasset'
[2023.03.25-05.27.16:348][245]AssetCheck: New page: Asset Save: Boss_BP
[2023.03.25-05.27.16:348][245]LogContentValidation: Display: Validating Blueprint /Game/AI/Ai_Controller_Tree/Boss_BP.Boss_BP
